{"/Users/steve/Git/savestate/src/migrate/capabilities.ts": {"path":"/Users/steve/Git/savestate/src/migrate/capabilities.ts","statementMap":{"0":{"start":{"line":9,"column":77},"end":{"line":56,"column":null}},"1":{"start":{"line":62,"column":2},"end":{"line":62,"column":null}},"2":{"start":{"line":70,"column":20},"end":{"line":73,"column":null}},"3":{"start":{"line":75,"column":2},"end":{"line":75,"column":null}},"4":{"start":{"line":75,"column":36},"end":{"line":75,"column":64}},"5":{"start":{"line":82,"column":2},"end":{"line":85,"column":null}}},"fnMap":{"0":{"name":"getPlatformCapabilities","decl":{"start":{"line":61,"column":16},"end":{"line":61,"column":40}},"loc":{"start":{"line":61,"column":82},"end":{"line":63,"column":null}},"line":61},"1":{"name":"isMigrationSupported","decl":{"start":{"line":68,"column":16},"end":{"line":68,"column":37}},"loc":{"start":{"line":68,"column":82},"end":{"line":76,"column":null}},"line":68},"2":{"name":"(anonymous_2)","decl":{"start":{"line":75,"column":24},"end":{"line":75,"column":25}},"loc":{"start":{"line":75,"column":36},"end":{"line":75,"column":64}},"line":75},"3":{"name":"getSupportedMigrations","decl":{"start":{"line":81,"column":16},"end":{"line":81,"column":88}},"loc":{"start":{"line":81,"column":88},"end":{"line":86,"column":null}},"line":81}},"branchMap":{"0":{"loc":{"start":{"line":75,"column":36},"end":{"line":75,"column":64}},"type":"binary-expr","locations":[{"start":{"line":75,"column":36},"end":{"line":75,"column":52}},{"start":{"line":75,"column":52},"end":{"line":75,"column":64}}],"line":75}},"s":{"0":13,"1":281,"2":7,"3":7,"4":13,"5":1},"f":{"0":281,"1":7,"2":13,"3":1},"b":{"0":[13,5]},"meta":{"lastBranch":1,"lastFunction":4,"lastStatement":6,"seen":{"s:9:77:56:Infinity":0,"f:61:16:61:40":0,"s:62:2:62:Infinity":1,"f:68:16:68:37":1,"s:70:20:73:Infinity":2,"s:75:2:75:Infinity":3,"f:75:24:75:25":2,"s:75:36:75:64":4,"b:75:36:75:52:75:52:75:64":0,"f:81:16:81:88":3,"s:82:2:85:Infinity":5}}}
,"/Users/steve/Git/savestate/src/migrate/compatibility.ts": {"path":"/Users/steve/Git/savestate/src/migrate/compatibility.ts","statementMap":{"0":{"start":{"line":25,"column":49},"end":{"line":30,"column":null}},"1":{"start":{"line":41,"column":54},"end":{"line":88,"column":null}},"2":{"start":{"line":108,"column":4},"end":{"line":108,"column":null}},"3":{"start":{"line":109,"column":4},"end":{"line":109,"column":null}},"4":{"start":{"line":110,"column":4},"end":{"line":110,"column":null}},"5":{"start":{"line":111,"column":4},"end":{"line":111,"column":null}},"6":{"start":{"line":118,"column":39},"end":{"line":118,"column":null}},"7":{"start":{"line":121,"column":4},"end":{"line":123,"column":null}},"8":{"start":{"line":122,"column":6},"end":{"line":122,"column":null}},"9":{"start":{"line":125,"column":4},"end":{"line":127,"column":null}},"10":{"start":{"line":126,"column":6},"end":{"line":126,"column":null}},"11":{"start":{"line":129,"column":4},"end":{"line":131,"column":null}},"12":{"start":{"line":130,"column":6},"end":{"line":130,"column":null}},"13":{"start":{"line":133,"column":4},"end":{"line":135,"column":null}},"14":{"start":{"line":134,"column":6},"end":{"line":134,"column":null}},"15":{"start":{"line":137,"column":4},"end":{"line":139,"column":null}},"16":{"start":{"line":138,"column":6},"end":{"line":138,"column":null}},"17":{"start":{"line":142,"column":20},"end":{"line":147,"column":null}},"18":{"start":{"line":143,"column":35},"end":{"line":143,"column":57}},"19":{"start":{"line":144,"column":35},"end":{"line":144,"column":57}},"20":{"start":{"line":145,"column":40},"end":{"line":145,"column":67}},"21":{"start":{"line":150,"column":28},"end":{"line":150,"column":null}},"22":{"start":{"line":153,"column":24},"end":{"line":153,"column":null}},"23":{"start":{"line":155,"column":4},"end":{"line":163,"column":null}},"24":{"start":{"line":169,"column":39},"end":{"line":169,"column":null}},"25":{"start":{"line":171,"column":24},"end":{"line":171,"column":null}},"26":{"start":{"line":173,"column":4},"end":{"line":190,"column":null}},"27":{"start":{"line":174,"column":6},"end":{"line":180,"column":null}},"28":{"start":{"line":182,"column":6},"end":{"line":189,"column":null}},"29":{"start":{"line":193,"column":4},"end":{"line":202,"column":null}},"30":{"start":{"line":195,"column":6},"end":{"line":201,"column":null}},"31":{"start":{"line":204,"column":4},"end":{"line":204,"column":null}},"32":{"start":{"line":210,"column":39},"end":{"line":210,"column":null}},"33":{"start":{"line":212,"column":4},"end":{"line":214,"column":null}},"34":{"start":{"line":213,"column":6},"end":{"line":213,"column":null}},"35":{"start":{"line":217,"column":4},"end":{"line":255,"column":null}},"36":{"start":{"line":218,"column":6},"end":{"line":225,"column":null}},"37":{"start":{"line":226,"column":4},"end":{"line":255,"column":null}},"38":{"start":{"line":227,"column":26},"end":{"line":227,"column":null}},"39":{"start":{"line":228,"column":6},"end":{"line":245,"column":null}},"40":{"start":{"line":229,"column":8},"end":{"line":235,"column":null}},"41":{"start":{"line":237,"column":8},"end":{"line":244,"column":null}},"42":{"start":{"line":247,"column":6},"end":{"line":254,"column":null}},"43":{"start":{"line":257,"column":4},"end":{"line":257,"column":null}},"44":{"start":{"line":263,"column":39},"end":{"line":263,"column":null}},"45":{"start":{"line":265,"column":4},"end":{"line":267,"column":null}},"46":{"start":{"line":266,"column":6},"end":{"line":266,"column":null}},"47":{"start":{"line":270,"column":4},"end":{"line":277,"column":null}},"48":{"start":{"line":279,"column":4},"end":{"line":279,"column":null}},"49":{"start":{"line":285,"column":39},"end":{"line":285,"column":null}},"50":{"start":{"line":287,"column":4},"end":{"line":289,"column":null}},"51":{"start":{"line":288,"column":6},"end":{"line":288,"column":null}},"52":{"start":{"line":291,"column":24},"end":{"line":291,"column":null}},"53":{"start":{"line":293,"column":4},"end":{"line":312,"column":null}},"54":{"start":{"line":294,"column":6},"end":{"line":311,"column":null}},"55":{"start":{"line":295,"column":8},"end":{"line":302,"column":null}},"56":{"start":{"line":304,"column":8},"end":{"line":310,"column":null}},"57":{"start":{"line":314,"column":4},"end":{"line":314,"column":null}},"58":{"start":{"line":320,"column":39},"end":{"line":320,"column":null}},"59":{"start":{"line":322,"column":4},"end":{"line":370,"column":null}},"60":{"start":{"line":324,"column":6},"end":{"line":341,"column":null}},"61":{"start":{"line":325,"column":8},"end":{"line":331,"column":null}},"62":{"start":{"line":333,"column":8},"end":{"line":340,"column":null}},"63":{"start":{"line":344,"column":6},"end":{"line":369,"column":null}},"64":{"start":{"line":345,"column":8},"end":{"line":368,"column":null}},"65":{"start":{"line":346,"column":32},"end":{"line":348,"column":null}},"66":{"start":{"line":347,"column":19},"end":{"line":347,"column":null}},"67":{"start":{"line":350,"column":10},"end":{"line":367,"column":null}},"68":{"start":{"line":351,"column":27},"end":{"line":351,"column":null}},"69":{"start":{"line":352,"column":32},"end":{"line":355,"column":null}},"70":{"start":{"line":357,"column":12},"end":{"line":366,"column":null}},"71":{"start":{"line":372,"column":4},"end":{"line":372,"column":null}},"72":{"start":{"line":376,"column":4},"end":{"line":378,"column":null}},"73":{"start":{"line":377,"column":6},"end":{"line":377,"column":null}},"74":{"start":{"line":380,"column":25},"end":{"line":380,"column":null}},"75":{"start":{"line":381,"column":30},"end":{"line":381,"column":null}},"76":{"start":{"line":383,"column":4},"end":{"line":385,"column":null}},"77":{"start":{"line":384,"column":6},"end":{"line":384,"column":null}},"78":{"start":{"line":386,"column":4},"end":{"line":388,"column":null}},"79":{"start":{"line":387,"column":6},"end":{"line":387,"column":null}},"80":{"start":{"line":389,"column":4},"end":{"line":391,"column":null}},"81":{"start":{"line":390,"column":6},"end":{"line":390,"column":null}},"82":{"start":{"line":392,"column":4},"end":{"line":392,"column":null}},"83":{"start":{"line":403,"column":36},"end":{"line":403,"column":null}},"84":{"start":{"line":404,"column":23},"end":{"line":404,"column":null}},"85":{"start":{"line":404,"column":43},"end":{"line":404,"column":65}},"86":{"start":{"line":405,"column":28},"end":{"line":405,"column":null}},"87":{"start":{"line":405,"column":48},"end":{"line":405,"column":75}},"88":{"start":{"line":408,"column":2},"end":{"line":410,"column":null}},"89":{"start":{"line":409,"column":4},"end":{"line":409,"column":null}},"90":{"start":{"line":413,"column":26},"end":{"line":416,"column":null}},"91":{"start":{"line":414,"column":11},"end":{"line":415,"column":null}},"92":{"start":{"line":417,"column":2},"end":{"line":419,"column":null}},"93":{"start":{"line":418,"column":4},"end":{"line":418,"column":null}},"94":{"start":{"line":422,"column":21},"end":{"line":422,"column":null}},"95":{"start":{"line":422,"column":39},"end":{"line":422,"column":58}},"96":{"start":{"line":423,"column":2},"end":{"line":425,"column":null}},"97":{"start":{"line":424,"column":4},"end":{"line":424,"column":null}},"98":{"start":{"line":428,"column":26},"end":{"line":428,"column":null}},"99":{"start":{"line":428,"column":44},"end":{"line":428,"column":69}},"100":{"start":{"line":429,"column":2},"end":{"line":431,"column":null}},"101":{"start":{"line":430,"column":4},"end":{"line":430,"column":null}},"102":{"start":{"line":434,"column":21},"end":{"line":434,"column":null}},"103":{"start":{"line":434,"column":41},"end":{"line":434,"column":84}},"104":{"start":{"line":435,"column":2},"end":{"line":437,"column":null}},"105":{"start":{"line":436,"column":4},"end":{"line":436,"column":null}},"106":{"start":{"line":440,"column":2},"end":{"line":448,"column":null}},"107":{"start":{"line":441,"column":25},"end":{"line":443,"column":null}},"108":{"start":{"line":442,"column":21},"end":{"line":442,"column":29}},"109":{"start":{"line":443,"column":18},"end":{"line":443,"column":36}},"110":{"start":{"line":445,"column":4},"end":{"line":447,"column":null}},"111":{"start":{"line":446,"column":6},"end":{"line":446,"column":null}},"112":{"start":{"line":450,"column":2},"end":{"line":450,"column":null}},"113":{"start":{"line":456,"column":26},"end":{"line":456,"column":null}},"114":{"start":{"line":457,"column":21},"end":{"line":457,"column":null}},"115":{"start":{"line":458,"column":21},"end":{"line":458,"column":null}},"116":{"start":{"line":461,"column":2},"end":{"line":461,"column":null}},"117":{"start":{"line":462,"column":2},"end":{"line":462,"column":null}},"118":{"start":{"line":463,"column":2},"end":{"line":463,"column":null}},"119":{"start":{"line":464,"column":2},"end":{"line":464,"column":null}},"120":{"start":{"line":465,"column":2},"end":{"line":465,"column":null}},"121":{"start":{"line":466,"column":2},"end":{"line":466,"column":null}},"122":{"start":{"line":467,"column":2},"end":{"line":467,"column":null}},"123":{"start":{"line":468,"column":2},"end":{"line":468,"column":null}},"124":{"start":{"line":471,"column":23},"end":{"line":471,"column":null}},"125":{"start":{"line":473,"column":2},"end":{"line":487,"column":null}},"126":{"start":{"line":474,"column":21},"end":{"line":474,"column":null}},"127":{"start":{"line":475,"column":4},"end":{"line":475,"column":null}},"128":{"start":{"line":477,"column":4},"end":{"line":484,"column":null}},"129":{"start":{"line":477,"column":17},"end":{"line":477,"column":20}},"130":{"start":{"line":478,"column":19},"end":{"line":478,"column":null}},"131":{"start":{"line":479,"column":21},"end":{"line":479,"column":null}},"132":{"start":{"line":480,"column":21},"end":{"line":480,"column":null}},"133":{"start":{"line":481,"column":21},"end":{"line":481,"column":null}},"134":{"start":{"line":483,"column":6},"end":{"line":483,"column":null}},"135":{"start":{"line":486,"column":4},"end":{"line":486,"column":null}},"136":{"start":{"line":490,"column":2},"end":{"line":496,"column":null}},"137":{"start":{"line":491,"column":4},"end":{"line":491,"column":null}},"138":{"start":{"line":492,"column":4},"end":{"line":494,"column":null}},"139":{"start":{"line":493,"column":6},"end":{"line":493,"column":null}},"140":{"start":{"line":495,"column":4},"end":{"line":495,"column":null}},"141":{"start":{"line":499,"column":2},"end":{"line":499,"column":null}},"142":{"start":{"line":501,"column":2},"end":{"line":501,"column":null}},"143":{"start":{"line":505,"column":2},"end":{"line":505,"column":null}},"144":{"start":{"line":515,"column":17},"end":{"line":515,"column":null}},"145":{"start":{"line":516,"column":19},"end":{"line":516,"column":null}},"146":{"start":{"line":517,"column":2},"end":{"line":517,"column":null}},"147":{"start":{"line":523,"column":2},"end":{"line":523,"column":null}},"148":{"start":{"line":523,"column":20},"end":{"line":523,"column":null}},"149":{"start":{"line":524,"column":2},"end":{"line":524,"column":null}},"150":{"start":{"line":524,"column":27},"end":{"line":524,"column":null}},"151":{"start":{"line":525,"column":2},"end":{"line":525,"column":null}},"152":{"start":{"line":525,"column":34},"end":{"line":525,"column":null}},"153":{"start":{"line":526,"column":2},"end":{"line":526,"column":null}},"154":{"start":{"line":530,"column":2},"end":{"line":537,"column":null}},"155":{"start":{"line":532,"column":6},"end":{"line":532,"column":null}},"156":{"start":{"line":534,"column":6},"end":{"line":534,"column":null}},"157":{"start":{"line":536,"column":6},"end":{"line":536,"column":null}},"158":{"start":{"line":541,"column":40},"end":{"line":548,"column":null}},"159":{"start":{"line":549,"column":2},"end":{"line":549,"column":null}},"160":{"start":{"line":553,"column":2},"end":{"line":562,"column":null}},"161":{"start":{"line":555,"column":6},"end":{"line":555,"column":null}},"162":{"start":{"line":557,"column":6},"end":{"line":557,"column":null}},"163":{"start":{"line":559,"column":6},"end":{"line":559,"column":null}},"164":{"start":{"line":561,"column":6},"end":{"line":561,"column":null}},"165":{"start":{"line":566,"column":2},"end":{"line":573,"column":null}},"166":{"start":{"line":567,"column":17},"end":{"line":567,"column":null}},"167":{"start":{"line":568,"column":4},"end":{"line":570,"column":null}},"168":{"start":{"line":569,"column":6},"end":{"line":569,"column":null}},"169":{"start":{"line":571,"column":4},"end":{"line":571,"column":null}},"170":{"start":{"line":572,"column":4},"end":{"line":572,"column":null}},"171":{"start":{"line":588,"column":2},"end":{"line":588,"column":null}},"172":{"start":{"line":589,"column":2},"end":{"line":589,"column":null}}},"fnMap":{"0":{"name":"(anonymous_0)","decl":{"start":{"line":107,"column":2},"end":{"line":107,"column":14}},"loc":{"start":{"line":107,"column":50},"end":{"line":112,"column":null}},"line":107},"1":{"name":"(anonymous_1)","decl":{"start":{"line":117,"column":8},"end":{"line":117,"column":16}},"loc":{"start":{"line":117,"column":71},"end":{"line":164,"column":null}},"line":117},"2":{"name":"(anonymous_2)","decl":{"start":{"line":143,"column":28},"end":{"line":143,"column":29}},"loc":{"start":{"line":143,"column":35},"end":{"line":143,"column":57}},"line":143},"3":{"name":"(anonymous_3)","decl":{"start":{"line":144,"column":28},"end":{"line":144,"column":29}},"loc":{"start":{"line":144,"column":35},"end":{"line":144,"column":57}},"line":144},"4":{"name":"(anonymous_4)","decl":{"start":{"line":145,"column":33},"end":{"line":145,"column":34}},"loc":{"start":{"line":145,"column":40},"end":{"line":145,"column":67}},"line":145},"5":{"name":"(anonymous_5)","decl":{"start":{"line":166,"column":10},"end":{"line":166,"column":null}},"loc":{"start":{"line":168,"column":25},"end":{"line":205,"column":null}},"line":168},"6":{"name":"(anonymous_6)","decl":{"start":{"line":207,"column":10},"end":{"line":207,"column":null}},"loc":{"start":{"line":209,"column":25},"end":{"line":258,"column":null}},"line":209},"7":{"name":"(anonymous_7)","decl":{"start":{"line":260,"column":10},"end":{"line":260,"column":null}},"loc":{"start":{"line":262,"column":25},"end":{"line":280,"column":null}},"line":262},"8":{"name":"(anonymous_8)","decl":{"start":{"line":282,"column":10},"end":{"line":282,"column":null}},"loc":{"start":{"line":284,"column":25},"end":{"line":315,"column":null}},"line":284},"9":{"name":"(anonymous_9)","decl":{"start":{"line":317,"column":10},"end":{"line":317,"column":null}},"loc":{"start":{"line":319,"column":25},"end":{"line":373,"column":null}},"line":319},"10":{"name":"(anonymous_10)","decl":{"start":{"line":347,"column":12},"end":{"line":347,"column":13}},"loc":{"start":{"line":347,"column":19},"end":{"line":347,"column":null}},"line":347},"11":{"name":"(anonymous_11)","decl":{"start":{"line":375,"column":10},"end":{"line":375,"column":31}},"loc":{"start":{"line":375,"column":108},"end":{"line":393,"column":null}},"line":375},"12":{"name":"generateRecommendations","decl":{"start":{"line":398,"column":16},"end":{"line":398,"column":null}},"loc":{"start":{"line":402,"column":12},"end":{"line":451,"column":null}},"line":402},"13":{"name":"(anonymous_13)","decl":{"start":{"line":404,"column":36},"end":{"line":404,"column":37}},"loc":{"start":{"line":404,"column":43},"end":{"line":404,"column":65}},"line":404},"14":{"name":"(anonymous_14)","decl":{"start":{"line":405,"column":41},"end":{"line":405,"column":42}},"loc":{"start":{"line":405,"column":48},"end":{"line":405,"column":75}},"line":405},"15":{"name":"(anonymous_15)","decl":{"start":{"line":414,"column":4},"end":{"line":414,"column":5}},"loc":{"start":{"line":414,"column":11},"end":{"line":415,"column":null}},"line":414},"16":{"name":"(anonymous_16)","decl":{"start":{"line":422,"column":32},"end":{"line":422,"column":33}},"loc":{"start":{"line":422,"column":39},"end":{"line":422,"column":58}},"line":422},"17":{"name":"(anonymous_17)","decl":{"start":{"line":428,"column":37},"end":{"line":428,"column":38}},"loc":{"start":{"line":428,"column":44},"end":{"line":428,"column":69}},"line":428},"18":{"name":"(anonymous_18)","decl":{"start":{"line":434,"column":34},"end":{"line":434,"column":35}},"loc":{"start":{"line":434,"column":41},"end":{"line":434,"column":84}},"line":434},"19":{"name":"(anonymous_19)","decl":{"start":{"line":442,"column":14},"end":{"line":442,"column":15}},"loc":{"start":{"line":442,"column":21},"end":{"line":442,"column":29}},"line":442},"20":{"name":"(anonymous_20)","decl":{"start":{"line":443,"column":11},"end":{"line":443,"column":12}},"loc":{"start":{"line":443,"column":18},"end":{"line":443,"column":36}},"line":443},"21":{"name":"formatReport","decl":{"start":{"line":455,"column":16},"end":{"line":455,"column":29}},"loc":{"start":{"line":455,"column":66},"end":{"line":502,"column":null}},"line":455},"22":{"name":"(anonymous_22)","decl":{"start":{"line":492,"column":35},"end":{"line":492,"column":36}},"loc":{"start":{"line":492,"column":47},"end":{"line":494,"column":5}},"line":492},"23":{"name":"formatReportJson","decl":{"start":{"line":504,"column":16},"end":{"line":504,"column":33}},"loc":{"start":{"line":504,"column":70},"end":{"line":506,"column":null}},"line":504},"24":{"name":"analyzeCompatibility","decl":{"start":{"line":510,"column":22},"end":{"line":510,"column":null}},"loc":{"start":{"line":514,"column":32},"end":{"line":518,"column":null}},"line":514},"25":{"name":"formatBytes","decl":{"start":{"line":522,"column":9},"end":{"line":522,"column":21}},"loc":{"start":{"line":522,"column":44},"end":{"line":527,"column":null}},"line":522},"26":{"name":"getStatusSymbol","decl":{"start":{"line":529,"column":9},"end":{"line":529,"column":25}},"loc":{"start":{"line":529,"column":62},"end":{"line":538,"column":null}},"line":529},"27":{"name":"formatTypeName","decl":{"start":{"line":540,"column":9},"end":{"line":540,"column":24}},"loc":{"start":{"line":540,"column":46},"end":{"line":550,"column":null}},"line":540},"28":{"name":"formatFeasibility","decl":{"start":{"line":552,"column":9},"end":{"line":552,"column":27}},"loc":{"start":{"line":552,"column":84},"end":{"line":563,"column":null}},"line":552},"29":{"name":"groupItemsByType","decl":{"start":{"line":565,"column":9},"end":{"line":565,"column":26}},"loc":{"start":{"line":565,"column":91},"end":{"line":574,"column":null}},"line":565},"30":{"name":"(anonymous_30)","decl":{"start":{"line":566,"column":22},"end":{"line":566,"column":23}},"loc":{"start":{"line":566,"column":40},"end":{"line":573,"column":5}},"line":566},"31":{"name":"compatibilityCommand","decl":{"start":{"line":585,"column":22},"end":{"line":585,"column":43}},"loc":{"start":{"line":585,"column":96},"end":{"line":590,"column":null}},"line":585}},"branchMap":{"0":{"loc":{"start":{"line":121,"column":4},"end":{"line":123,"column":null}},"type":"if","locations":[{"start":{"line":121,"column":4},"end":{"line":123,"column":null}},{"start":{},"end":{}}],"line":121},"1":{"loc":{"start":{"line":125,"column":4},"end":{"line":127,"column":null}},"type":"if","locations":[{"start":{"line":125,"column":4},"end":{"line":127,"column":null}},{"start":{},"end":{}}],"line":125},"2":{"loc":{"start":{"line":129,"column":4},"end":{"line":131,"column":null}},"type":"if","locations":[{"start":{"line":129,"column":4},"end":{"line":131,"column":null}},{"start":{},"end":{}}],"line":129},"3":{"loc":{"start":{"line":133,"column":4},"end":{"line":135,"column":null}},"type":"if","locations":[{"start":{"line":133,"column":4},"end":{"line":135,"column":null}},{"start":{},"end":{}}],"line":133},"4":{"loc":{"start":{"line":137,"column":4},"end":{"line":139,"column":null}},"type":"if","locations":[{"start":{"line":137,"column":4},"end":{"line":139,"column":null}},{"start":{},"end":{}}],"line":137},"5":{"loc":{"start":{"line":173,"column":4},"end":{"line":190,"column":null}},"type":"if","locations":[{"start":{"line":173,"column":4},"end":{"line":190,"column":null}},{"start":{"line":181,"column":11},"end":{"line":190,"column":null}}],"line":173},"6":{"loc":{"start":{"line":193,"column":4},"end":{"line":202,"column":null}},"type":"if","locations":[{"start":{"line":193,"column":4},"end":{"line":202,"column":null}},{"start":{},"end":{}}],"line":193},"7":{"loc":{"start":{"line":193,"column":8},"end":{"line":193,"column":74}},"type":"binary-expr","locations":[{"start":{"line":193,"column":8},"end":{"line":193,"column":36}},{"start":{"line":193,"column":36},"end":{"line":193,"column":74}}],"line":193},"8":{"loc":{"start":{"line":212,"column":4},"end":{"line":214,"column":null}},"type":"if","locations":[{"start":{"line":212,"column":4},"end":{"line":214,"column":null}},{"start":{},"end":{}}],"line":212},"9":{"loc":{"start":{"line":217,"column":4},"end":{"line":255,"column":null}},"type":"if","locations":[{"start":{"line":217,"column":4},"end":{"line":255,"column":null}},{"start":{"line":226,"column":4},"end":{"line":255,"column":null}}],"line":217},"10":{"loc":{"start":{"line":226,"column":4},"end":{"line":255,"column":null}},"type":"if","locations":[{"start":{"line":226,"column":4},"end":{"line":255,"column":null}},{"start":{"line":246,"column":11},"end":{"line":255,"column":null}}],"line":226},"11":{"loc":{"start":{"line":227,"column":26},"end":{"line":227,"column":null}},"type":"binary-expr","locations":[{"start":{"line":227,"column":26},"end":{"line":227,"column":65}},{"start":{"line":227,"column":65},"end":{"line":227,"column":null}}],"line":227},"12":{"loc":{"start":{"line":228,"column":6},"end":{"line":245,"column":null}},"type":"if","locations":[{"start":{"line":228,"column":6},"end":{"line":245,"column":null}},{"start":{"line":236,"column":13},"end":{"line":245,"column":null}}],"line":228},"13":{"loc":{"start":{"line":265,"column":4},"end":{"line":267,"column":null}},"type":"if","locations":[{"start":{"line":265,"column":4},"end":{"line":267,"column":null}},{"start":{},"end":{}}],"line":265},"14":{"loc":{"start":{"line":287,"column":4},"end":{"line":289,"column":null}},"type":"if","locations":[{"start":{"line":287,"column":4},"end":{"line":289,"column":null}},{"start":{},"end":{}}],"line":287},"15":{"loc":{"start":{"line":291,"column":24},"end":{"line":291,"column":null}},"type":"binary-expr","locations":[{"start":{"line":291,"column":24},"end":{"line":291,"column":65}},{"start":{"line":291,"column":65},"end":{"line":291,"column":null}}],"line":291},"16":{"loc":{"start":{"line":294,"column":6},"end":{"line":311,"column":null}},"type":"if","locations":[{"start":{"line":294,"column":6},"end":{"line":311,"column":null}},{"start":{"line":303,"column":13},"end":{"line":311,"column":null}}],"line":294},"17":{"loc":{"start":{"line":298,"column":18},"end":{"line":298,"column":null}},"type":"cond-expr","locations":[{"start":{"line":298,"column":48},"end":{"line":298,"column":65}},{"start":{"line":298,"column":65},"end":{"line":298,"column":null}}],"line":298},"18":{"loc":{"start":{"line":300,"column":18},"end":{"line":300,"column":null}},"type":"cond-expr","locations":[{"start":{"line":300,"column":48},"end":{"line":300,"column":76}},{"start":{"line":300,"column":76},"end":{"line":300,"column":null}}],"line":300},"19":{"loc":{"start":{"line":324,"column":6},"end":{"line":341,"column":null}},"type":"if","locations":[{"start":{"line":324,"column":6},"end":{"line":341,"column":null}},{"start":{"line":332,"column":13},"end":{"line":341,"column":null}}],"line":324},"20":{"loc":{"start":{"line":344,"column":6},"end":{"line":369,"column":null}},"type":"if","locations":[{"start":{"line":344,"column":6},"end":{"line":369,"column":null}},{"start":{},"end":{}}],"line":344},"21":{"loc":{"start":{"line":350,"column":10},"end":{"line":367,"column":null}},"type":"if","locations":[{"start":{"line":350,"column":10},"end":{"line":367,"column":null}},{"start":{},"end":{}}],"line":350},"22":{"loc":{"start":{"line":351,"column":27},"end":{"line":351,"column":null}},"type":"binary-expr","locations":[{"start":{"line":351,"column":27},"end":{"line":351,"column":73}},{"start":{"line":351,"column":73},"end":{"line":351,"column":null}}],"line":351},"23":{"loc":{"start":{"line":352,"column":32},"end":{"line":355,"column":null}},"type":"cond-expr","locations":[{"start":{"line":352,"column":57},"end":{"line":352,"column":null}},{"start":{"line":353,"column":31},"end":{"line":355,"column":null}}],"line":352},"24":{"loc":{"start":{"line":353,"column":31},"end":{"line":355,"column":null}},"type":"cond-expr","locations":[{"start":{"line":353,"column":67},"end":{"line":353,"column":null}},{"start":{"line":354,"column":31},"end":{"line":355,"column":null}}],"line":353},"25":{"loc":{"start":{"line":354,"column":31},"end":{"line":355,"column":null}},"type":"cond-expr","locations":[{"start":{"line":354,"column":59},"end":{"line":354,"column":null}},{"start":{"line":355,"column":31},"end":{"line":355,"column":null}}],"line":354},"26":{"loc":{"start":{"line":355,"column":31},"end":{"line":355,"column":null}},"type":"cond-expr","locations":[{"start":{"line":355,"column":58},"end":{"line":355,"column":78}},{"start":{"line":355,"column":78},"end":{"line":355,"column":null}}],"line":355},"27":{"loc":{"start":{"line":361,"column":22},"end":{"line":363,"column":null}},"type":"cond-expr","locations":[{"start":{"line":362,"column":18},"end":{"line":362,"column":null}},{"start":{"line":363,"column":18},"end":{"line":363,"column":null}}],"line":361},"28":{"loc":{"start":{"line":363,"column":18},"end":{"line":363,"column":null}},"type":"binary-expr","locations":[{"start":{"line":363,"column":18},"end":{"line":363,"column":50}},{"start":{"line":363,"column":50},"end":{"line":363,"column":null}}],"line":363},"29":{"loc":{"start":{"line":376,"column":4},"end":{"line":378,"column":null}},"type":"if","locations":[{"start":{"line":376,"column":4},"end":{"line":378,"column":null}},{"start":{},"end":{}}],"line":376},"30":{"loc":{"start":{"line":383,"column":4},"end":{"line":385,"column":null}},"type":"if","locations":[{"start":{"line":383,"column":4},"end":{"line":385,"column":null}},{"start":{},"end":{}}],"line":383},"31":{"loc":{"start":{"line":386,"column":4},"end":{"line":388,"column":null}},"type":"if","locations":[{"start":{"line":386,"column":4},"end":{"line":388,"column":null}},{"start":{},"end":{}}],"line":386},"32":{"loc":{"start":{"line":386,"column":8},"end":{"line":386,"column":55}},"type":"binary-expr","locations":[{"start":{"line":386,"column":8},"end":{"line":386,"column":35}},{"start":{"line":386,"column":35},"end":{"line":386,"column":55}}],"line":386},"33":{"loc":{"start":{"line":389,"column":4},"end":{"line":391,"column":null}},"type":"if","locations":[{"start":{"line":389,"column":4},"end":{"line":391,"column":null}},{"start":{},"end":{}}],"line":389},"34":{"loc":{"start":{"line":408,"column":2},"end":{"line":410,"column":null}},"type":"if","locations":[{"start":{"line":408,"column":2},"end":{"line":410,"column":null}},{"start":{},"end":{}}],"line":408},"35":{"loc":{"start":{"line":414,"column":11},"end":{"line":415,"column":null}},"type":"binary-expr","locations":[{"start":{"line":414,"column":11},"end":{"line":414,"column":null}},{"start":{"line":415,"column":5},"end":{"line":415,"column":48}},{"start":{"line":415,"column":48},"end":{"line":415,"column":null}}],"line":414},"36":{"loc":{"start":{"line":417,"column":2},"end":{"line":419,"column":null}},"type":"if","locations":[{"start":{"line":417,"column":2},"end":{"line":419,"column":null}},{"start":{},"end":{}}],"line":417},"37":{"loc":{"start":{"line":417,"column":6},"end":{"line":417,"column":46}},"type":"binary-expr","locations":[{"start":{"line":417,"column":6},"end":{"line":417,"column":25}},{"start":{"line":417,"column":25},"end":{"line":417,"column":46}}],"line":417},"38":{"loc":{"start":{"line":423,"column":2},"end":{"line":425,"column":null}},"type":"if","locations":[{"start":{"line":423,"column":2},"end":{"line":425,"column":null}},{"start":{},"end":{}}],"line":423},"39":{"loc":{"start":{"line":423,"column":6},"end":{"line":423,"column":63}},"type":"binary-expr","locations":[{"start":{"line":423,"column":6},"end":{"line":423,"column":42}},{"start":{"line":423,"column":42},"end":{"line":423,"column":63}}],"line":423},"40":{"loc":{"start":{"line":429,"column":2},"end":{"line":431,"column":null}},"type":"if","locations":[{"start":{"line":429,"column":2},"end":{"line":431,"column":null}},{"start":{},"end":{}}],"line":429},"41":{"loc":{"start":{"line":434,"column":41},"end":{"line":434,"column":84}},"type":"binary-expr","locations":[{"start":{"line":434,"column":41},"end":{"line":434,"column":62}},{"start":{"line":434,"column":62},"end":{"line":434,"column":84}}],"line":434},"42":{"loc":{"start":{"line":435,"column":2},"end":{"line":437,"column":null}},"type":"if","locations":[{"start":{"line":435,"column":2},"end":{"line":437,"column":null}},{"start":{},"end":{}}],"line":435},"43":{"loc":{"start":{"line":440,"column":2},"end":{"line":448,"column":null}},"type":"if","locations":[{"start":{"line":440,"column":2},"end":{"line":448,"column":null}},{"start":{},"end":{}}],"line":440},"44":{"loc":{"start":{"line":445,"column":4},"end":{"line":447,"column":null}},"type":"if","locations":[{"start":{"line":445,"column":4},"end":{"line":447,"column":null}},{"start":{},"end":{}}],"line":445},"45":{"loc":{"start":{"line":457,"column":21},"end":{"line":457,"column":null}},"type":"binary-expr","locations":[{"start":{"line":457,"column":21},"end":{"line":457,"column":54}},{"start":{"line":457,"column":54},"end":{"line":457,"column":null}}],"line":457},"46":{"loc":{"start":{"line":458,"column":21},"end":{"line":458,"column":null}},"type":"binary-expr","locations":[{"start":{"line":458,"column":21},"end":{"line":458,"column":54}},{"start":{"line":458,"column":54},"end":{"line":458,"column":null}}],"line":458},"47":{"loc":{"start":{"line":480,"column":21},"end":{"line":480,"column":null}},"type":"cond-expr","locations":[{"start":{"line":480,"column":30},"end":{"line":480,"column":39}},{"start":{"line":480,"column":39},"end":{"line":480,"column":null}}],"line":480},"48":{"loc":{"start":{"line":490,"column":2},"end":{"line":496,"column":null}},"type":"if","locations":[{"start":{"line":490,"column":2},"end":{"line":496,"column":null}},{"start":{},"end":{}}],"line":490},"49":{"loc":{"start":{"line":523,"column":2},"end":{"line":523,"column":null}},"type":"if","locations":[{"start":{"line":523,"column":2},"end":{"line":523,"column":null}},{"start":{},"end":{}}],"line":523},"50":{"loc":{"start":{"line":524,"column":2},"end":{"line":524,"column":null}},"type":"if","locations":[{"start":{"line":524,"column":2},"end":{"line":524,"column":null}},{"start":{},"end":{}}],"line":524},"51":{"loc":{"start":{"line":525,"column":2},"end":{"line":525,"column":null}},"type":"if","locations":[{"start":{"line":525,"column":2},"end":{"line":525,"column":null}},{"start":{},"end":{}}],"line":525},"52":{"loc":{"start":{"line":530,"column":2},"end":{"line":537,"column":null}},"type":"switch","locations":[{"start":{"line":531,"column":4},"end":{"line":532,"column":null}},{"start":{"line":533,"column":4},"end":{"line":534,"column":null}},{"start":{"line":535,"column":4},"end":{"line":536,"column":null}}],"line":530},"53":{"loc":{"start":{"line":549,"column":9},"end":{"line":549,"column":null}},"type":"binary-expr","locations":[{"start":{"line":549,"column":9},"end":{"line":549,"column":24}},{"start":{"line":549,"column":24},"end":{"line":549,"column":null}}],"line":549},"54":{"loc":{"start":{"line":553,"column":2},"end":{"line":562,"column":null}},"type":"switch","locations":[{"start":{"line":554,"column":4},"end":{"line":555,"column":null}},{"start":{"line":556,"column":4},"end":{"line":557,"column":null}},{"start":{"line":558,"column":4},"end":{"line":559,"column":null}},{"start":{"line":560,"column":4},"end":{"line":561,"column":null}}],"line":553},"55":{"loc":{"start":{"line":568,"column":4},"end":{"line":570,"column":null}},"type":"if","locations":[{"start":{"line":568,"column":4},"end":{"line":570,"column":null}},{"start":{},"end":{}}],"line":568}},"s":{"0":1,"1":1,"2":17,"3":17,"4":17,"5":17,"6":17,"7":17,"8":9,"9":17,"10":8,"11":17,"12":1,"13":17,"14":1,"15":17,"16":3,"17":17,"18":29,"19":29,"20":29,"21":17,"22":17,"23":17,"24":9,"25":9,"26":9,"27":9,"28":0,"29":9,"30":0,"31":9,"32":8,"33":8,"34":0,"35":8,"36":8,"37":0,"38":0,"39":0,"40":0,"41":0,"42":0,"43":8,"44":1,"45":1,"46":0,"47":1,"48":1,"49":1,"50":1,"51":0,"52":1,"53":1,"54":1,"55":1,"56":0,"57":1,"58":3,"59":3,"60":4,"61":4,"62":0,"63":4,"64":4,"65":6,"66":9,"67":6,"68":6,"69":6,"70":6,"71":3,"72":17,"73":1,"74":16,"75":16,"76":16,"77":4,"78":12,"79":3,"80":9,"81":3,"82":6,"83":18,"84":18,"85":30,"86":18,"87":30,"88":18,"89":10,"90":18,"91":26,"92":18,"93":3,"94":18,"95":30,"96":18,"97":8,"98":18,"99":24,"100":18,"101":0,"102":18,"103":30,"104":18,"105":1,"106":18,"107":4,"108":5,"109":5,"110":4,"111":4,"112":18,"113":4,"114":4,"115":4,"116":4,"117":4,"118":4,"119":4,"120":4,"121":4,"122":4,"123":4,"124":4,"125":4,"126":1,"127":1,"128":1,"129":1,"130":1,"131":1,"132":1,"133":1,"134":1,"135":1,"136":4,"137":1,"138":1,"139":1,"140":1,"141":4,"142":4,"143":2,"144":2,"145":2,"146":2,"147":2,"148":0,"149":2,"150":0,"151":2,"152":2,"153":0,"154":1,"155":1,"156":0,"157":0,"158":1,"159":1,"160":4,"161":1,"162":3,"163":0,"164":0,"165":4,"166":1,"167":1,"168":1,"169":1,"170":1,"171":0,"172":0},"f":{"0":17,"1":17,"2":29,"3":29,"4":29,"5":9,"6":8,"7":1,"8":1,"9":3,"10":9,"11":17,"12":18,"13":30,"14":30,"15":26,"16":30,"17":24,"18":30,"19":5,"20":5,"21":4,"22":1,"23":2,"24":2,"25":2,"26":1,"27":1,"28":4,"29":4,"30":1,"31":0},"b":{"0":[9,8],"1":[8,9],"2":[1,16],"3":[1,16],"4":[3,14],"5":[9,0],"6":[0,9],"7":[9,9],"8":[0,8],"9":[8,0],"10":[0,0],"11":[0,0],"12":[0,0],"13":[0,1],"14":[0,1],"15":[1,0],"16":[1,0],"17":[1,0],"18":[1,0],"19":[4,0],"20":[4,0],"21":[6,0],"22":[6,0],"23":[4,2],"24":[1,1],"25":[1,0],"26":[0,0],"27":[4,2],"28":[2,0],"29":[1,16],"30":[4,12],"31":[3,9],"32":[12,12],"33":[3,6],"34":[10,8],"35":[26,3,3],"36":[3,15],"37":[18,3],"38":[8,10],"39":[18,8],"40":[0,18],"41":[30,1],"42":[1,17],"43":[4,14],"44":[4,0],"45":[4,0],"46":[4,0],"47":[1,0],"48":[1,3],"49":[0,2],"50":[0,2],"51":[2,0],"52":[1,0,0],"53":[1,0],"54":[1,3,0,0],"55":[1,0]},"meta":{"lastBranch":56,"lastFunction":32,"lastStatement":173,"seen":{"s:25:49:30:Infinity":0,"s:41:54:88:Infinity":1,"f:107:2:107:14":0,"s:108:4:108:Infinity":2,"s:109:4:109:Infinity":3,"s:110:4:110:Infinity":4,"s:111:4:111:Infinity":5,"f:117:8:117:16":1,"s:118:39:118:Infinity":6,"b:121:4:123:Infinity:undefined:undefined:undefined:undefined":0,"s:121:4:123:Infinity":7,"s:122:6:122:Infinity":8,"b:125:4:127:Infinity:undefined:undefined:undefined:undefined":1,"s:125:4:127:Infinity":9,"s:126:6:126:Infinity":10,"b:129:4:131:Infinity:undefined:undefined:undefined:undefined":2,"s:129:4:131:Infinity":11,"s:130:6:130:Infinity":12,"b:133:4:135:Infinity:undefined:undefined:undefined:undefined":3,"s:133:4:135:Infinity":13,"s:134:6:134:Infinity":14,"b:137:4:139:Infinity:undefined:undefined:undefined:undefined":4,"s:137:4:139:Infinity":15,"s:138:6:138:Infinity":16,"s:142:20:147:Infinity":17,"f:143:28:143:29":2,"s:143:35:143:57":18,"f:144:28:144:29":3,"s:144:35:144:57":19,"f:145:33:145:34":4,"s:145:40:145:67":20,"s:150:28:150:Infinity":21,"s:153:24:153:Infinity":22,"s:155:4:163:Infinity":23,"f:166:10:166:Infinity":5,"s:169:39:169:Infinity":24,"s:171:24:171:Infinity":25,"b:173:4:190:Infinity:181:11:190:Infinity":5,"s:173:4:190:Infinity":26,"s:174:6:180:Infinity":27,"s:182:6:189:Infinity":28,"b:193:4:202:Infinity:undefined:undefined:undefined:undefined":6,"s:193:4:202:Infinity":29,"b:193:8:193:36:193:36:193:74":7,"s:195:6:201:Infinity":30,"s:204:4:204:Infinity":31,"f:207:10:207:Infinity":6,"s:210:39:210:Infinity":32,"b:212:4:214:Infinity:undefined:undefined:undefined:undefined":8,"s:212:4:214:Infinity":33,"s:213:6:213:Infinity":34,"b:217:4:255:Infinity:226:4:255:Infinity":9,"s:217:4:255:Infinity":35,"s:218:6:225:Infinity":36,"b:226:4:255:Infinity:246:11:255:Infinity":10,"s:226:4:255:Infinity":37,"s:227:26:227:Infinity":38,"b:227:26:227:65:227:65:227:Infinity":11,"b:228:6:245:Infinity:236:13:245:Infinity":12,"s:228:6:245:Infinity":39,"s:229:8:235:Infinity":40,"s:237:8:244:Infinity":41,"s:247:6:254:Infinity":42,"s:257:4:257:Infinity":43,"f:260:10:260:Infinity":7,"s:263:39:263:Infinity":44,"b:265:4:267:Infinity:undefined:undefined:undefined:undefined":13,"s:265:4:267:Infinity":45,"s:266:6:266:Infinity":46,"s:270:4:277:Infinity":47,"s:279:4:279:Infinity":48,"f:282:10:282:Infinity":8,"s:285:39:285:Infinity":49,"b:287:4:289:Infinity:undefined:undefined:undefined:undefined":14,"s:287:4:289:Infinity":50,"s:288:6:288:Infinity":51,"s:291:24:291:Infinity":52,"b:291:24:291:65:291:65:291:Infinity":15,"s:293:4:312:Infinity":53,"b:294:6:311:Infinity:303:13:311:Infinity":16,"s:294:6:311:Infinity":54,"s:295:8:302:Infinity":55,"b:298:48:298:65:298:65:298:Infinity":17,"b:300:48:300:76:300:76:300:Infinity":18,"s:304:8:310:Infinity":56,"s:314:4:314:Infinity":57,"f:317:10:317:Infinity":9,"s:320:39:320:Infinity":58,"s:322:4:370:Infinity":59,"b:324:6:341:Infinity:332:13:341:Infinity":19,"s:324:6:341:Infinity":60,"s:325:8:331:Infinity":61,"s:333:8:340:Infinity":62,"b:344:6:369:Infinity:undefined:undefined:undefined:undefined":20,"s:344:6:369:Infinity":63,"s:345:8:368:Infinity":64,"s:346:32:348:Infinity":65,"f:347:12:347:13":10,"s:347:19:347:Infinity":66,"b:350:10:367:Infinity:undefined:undefined:undefined:undefined":21,"s:350:10:367:Infinity":67,"s:351:27:351:Infinity":68,"b:351:27:351:73:351:73:351:Infinity":22,"s:352:32:355:Infinity":69,"b:352:57:352:Infinity:353:31:355:Infinity":23,"b:353:67:353:Infinity:354:31:355:Infinity":24,"b:354:59:354:Infinity:355:31:355:Infinity":25,"b:355:58:355:78:355:78:355:Infinity":26,"s:357:12:366:Infinity":70,"b:362:18:362:Infinity:363:18:363:Infinity":27,"b:363:18:363:50:363:50:363:Infinity":28,"s:372:4:372:Infinity":71,"f:375:10:375:31":11,"b:376:4:378:Infinity:undefined:undefined:undefined:undefined":29,"s:376:4:378:Infinity":72,"s:377:6:377:Infinity":73,"s:380:25:380:Infinity":74,"s:381:30:381:Infinity":75,"b:383:4:385:Infinity:undefined:undefined:undefined:undefined":30,"s:383:4:385:Infinity":76,"s:384:6:384:Infinity":77,"b:386:4:388:Infinity:undefined:undefined:undefined:undefined":31,"s:386:4:388:Infinity":78,"b:386:8:386:35:386:35:386:55":32,"s:387:6:387:Infinity":79,"b:389:4:391:Infinity:undefined:undefined:undefined:undefined":33,"s:389:4:391:Infinity":80,"s:390:6:390:Infinity":81,"s:392:4:392:Infinity":82,"f:398:16:398:Infinity":12,"s:403:36:403:Infinity":83,"s:404:23:404:Infinity":84,"f:404:36:404:37":13,"s:404:43:404:65":85,"s:405:28:405:Infinity":86,"f:405:41:405:42":14,"s:405:48:405:75":87,"b:408:2:410:Infinity:undefined:undefined:undefined:undefined":34,"s:408:2:410:Infinity":88,"s:409:4:409:Infinity":89,"s:413:26:416:Infinity":90,"f:414:4:414:5":15,"s:414:11:415:Infinity":91,"b:414:11:414:Infinity:415:5:415:48:415:48:415:Infinity":35,"b:417:2:419:Infinity:undefined:undefined:undefined:undefined":36,"s:417:2:419:Infinity":92,"b:417:6:417:25:417:25:417:46":37,"s:418:4:418:Infinity":93,"s:422:21:422:Infinity":94,"f:422:32:422:33":16,"s:422:39:422:58":95,"b:423:2:425:Infinity:undefined:undefined:undefined:undefined":38,"s:423:2:425:Infinity":96,"b:423:6:423:42:423:42:423:63":39,"s:424:4:424:Infinity":97,"s:428:26:428:Infinity":98,"f:428:37:428:38":17,"s:428:44:428:69":99,"b:429:2:431:Infinity:undefined:undefined:undefined:undefined":40,"s:429:2:431:Infinity":100,"s:430:4:430:Infinity":101,"s:434:21:434:Infinity":102,"f:434:34:434:35":18,"s:434:41:434:84":103,"b:434:41:434:62:434:62:434:84":41,"b:435:2:437:Infinity:undefined:undefined:undefined:undefined":42,"s:435:2:437:Infinity":104,"s:436:4:436:Infinity":105,"b:440:2:448:Infinity:undefined:undefined:undefined:undefined":43,"s:440:2:448:Infinity":106,"s:441:25:443:Infinity":107,"f:442:14:442:15":19,"s:442:21:442:29":108,"f:443:11:443:12":20,"s:443:18:443:36":109,"b:445:4:447:Infinity:undefined:undefined:undefined:undefined":44,"s:445:4:447:Infinity":110,"s:446:6:446:Infinity":111,"s:450:2:450:Infinity":112,"f:455:16:455:29":21,"s:456:26:456:Infinity":113,"s:457:21:457:Infinity":114,"b:457:21:457:54:457:54:457:Infinity":45,"s:458:21:458:Infinity":115,"b:458:21:458:54:458:54:458:Infinity":46,"s:461:2:461:Infinity":116,"s:462:2:462:Infinity":117,"s:463:2:463:Infinity":118,"s:464:2:464:Infinity":119,"s:465:2:465:Infinity":120,"s:466:2:466:Infinity":121,"s:467:2:467:Infinity":122,"s:468:2:468:Infinity":123,"s:471:23:471:Infinity":124,"s:473:2:487:Infinity":125,"s:474:21:474:Infinity":126,"s:475:4:475:Infinity":127,"s:477:4:484:Infinity":128,"s:477:17:477:20":129,"s:478:19:478:Infinity":130,"s:479:21:479:Infinity":131,"s:480:21:480:Infinity":132,"b:480:30:480:39:480:39:480:Infinity":47,"s:481:21:481:Infinity":133,"s:483:6:483:Infinity":134,"s:486:4:486:Infinity":135,"b:490:2:496:Infinity:undefined:undefined:undefined:undefined":48,"s:490:2:496:Infinity":136,"s:491:4:491:Infinity":137,"s:492:4:494:Infinity":138,"f:492:35:492:36":22,"s:493:6:493:Infinity":139,"s:495:4:495:Infinity":140,"s:499:2:499:Infinity":141,"s:501:2:501:Infinity":142,"f:504:16:504:33":23,"s:505:2:505:Infinity":143,"f:510:22:510:Infinity":24,"s:515:17:515:Infinity":144,"s:516:19:516:Infinity":145,"s:517:2:517:Infinity":146,"f:522:9:522:21":25,"b:523:2:523:Infinity:undefined:undefined:undefined:undefined":49,"s:523:2:523:Infinity":147,"s:523:20:523:Infinity":148,"b:524:2:524:Infinity:undefined:undefined:undefined:undefined":50,"s:524:2:524:Infinity":149,"s:524:27:524:Infinity":150,"b:525:2:525:Infinity:undefined:undefined:undefined:undefined":51,"s:525:2:525:Infinity":151,"s:525:34:525:Infinity":152,"s:526:2:526:Infinity":153,"f:529:9:529:25":26,"b:531:4:532:Infinity:533:4:534:Infinity:535:4:536:Infinity":52,"s:530:2:537:Infinity":154,"s:532:6:532:Infinity":155,"s:534:6:534:Infinity":156,"s:536:6:536:Infinity":157,"f:540:9:540:24":27,"s:541:40:548:Infinity":158,"s:549:2:549:Infinity":159,"b:549:9:549:24:549:24:549:Infinity":53,"f:552:9:552:27":28,"b:554:4:555:Infinity:556:4:557:Infinity:558:4:559:Infinity:560:4:561:Infinity":54,"s:553:2:562:Infinity":160,"s:555:6:555:Infinity":161,"s:557:6:557:Infinity":162,"s:559:6:559:Infinity":163,"s:561:6:561:Infinity":164,"f:565:9:565:26":29,"s:566:2:573:Infinity":165,"f:566:22:566:23":30,"s:567:17:567:Infinity":166,"b:568:4:570:Infinity:undefined:undefined:undefined:undefined":55,"s:568:4:570:Infinity":167,"s:569:6:569:Infinity":168,"s:571:4:571:Infinity":169,"s:572:4:572:Infinity":170,"f:585:22:585:43":31,"s:588:2:588:Infinity":171,"s:589:2:589:Infinity":172}}}
,"/Users/steve/Git/savestate/src/migrate/orchestrator.ts": {"path":"/Users/steve/Git/savestate/src/migrate/orchestrator.ts","statementMap":{"0":{"start":{"line":103,"column":43},"end":{"line":103,"column":null}},"1":{"start":{"line":104,"column":51},"end":{"line":104,"column":null}},"2":{"start":{"line":106,"column":46},"end":{"line":106,"column":null}},"3":{"start":{"line":113,"column":15},"end":{"line":113,"column":null}},"4":{"start":{"line":114,"column":4},"end":{"line":114,"column":null}},"5":{"start":{"line":116,"column":4},"end":{"line":126,"column":null}},"6":{"start":{"line":135,"column":4},"end":{"line":135,"column":null}},"7":{"start":{"line":137,"column":4},"end":{"line":162,"column":null}},"8":{"start":{"line":139,"column":6},"end":{"line":139,"column":null}},"9":{"start":{"line":142,"column":6},"end":{"line":142,"column":null}},"10":{"start":{"line":145,"column":21},"end":{"line":145,"column":null}},"11":{"start":{"line":147,"column":6},"end":{"line":147,"column":null}},"12":{"start":{"line":148,"column":6},"end":{"line":148,"column":null}},"13":{"start":{"line":149,"column":6},"end":{"line":149,"column":null}},"14":{"start":{"line":151,"column":6},"end":{"line":151,"column":null}},"15":{"start":{"line":153,"column":6},"end":{"line":153,"column":null}},"16":{"start":{"line":155,"column":6},"end":{"line":155,"column":null}},"17":{"start":{"line":156,"column":6},"end":{"line":156,"column":null}},"18":{"start":{"line":157,"column":6},"end":{"line":157,"column":null}},"19":{"start":{"line":159,"column":6},"end":{"line":159,"column":null}},"20":{"start":{"line":161,"column":6},"end":{"line":161,"column":null}},"21":{"start":{"line":169,"column":4},"end":{"line":169,"column":null}},"22":{"start":{"line":170,"column":4},"end":{"line":170,"column":null}},"23":{"start":{"line":171,"column":4},"end":{"line":171,"column":null}},"24":{"start":{"line":178,"column":4},"end":{"line":178,"column":null}},"25":{"start":{"line":181,"column":4},"end":{"line":183,"column":null}},"26":{"start":{"line":182,"column":6},"end":{"line":182,"column":null}},"27":{"start":{"line":185,"column":10},"end":{"line":185,"column":null}},"28":{"start":{"line":186,"column":4},"end":{"line":190,"column":null}},"29":{"start":{"line":187,"column":6},"end":{"line":189,"column":null}},"30":{"start":{"line":192,"column":4},"end":{"line":192,"column":null}},"31":{"start":{"line":199,"column":20},"end":{"line":199,"column":null}},"32":{"start":{"line":200,"column":10},"end":{"line":200,"column":null}},"33":{"start":{"line":202,"column":4},"end":{"line":204,"column":null}},"34":{"start":{"line":203,"column":6},"end":{"line":203,"column":null}},"35":{"start":{"line":206,"column":22},"end":{"line":206,"column":null}},"36":{"start":{"line":207,"column":18},"end":{"line":207,"column":null}},"37":{"start":{"line":209,"column":25},"end":{"line":209,"column":null}},"38":{"start":{"line":210,"column":4},"end":{"line":210,"column":null}},"39":{"start":{"line":211,"column":4},"end":{"line":211,"column":null}},"40":{"start":{"line":214,"column":4},"end":{"line":217,"column":null}},"41":{"start":{"line":215,"column":25},"end":{"line":215,"column":null}},"42":{"start":{"line":216,"column":6},"end":{"line":216,"column":null}},"43":{"start":{"line":220,"column":4},"end":{"line":220,"column":null}},"44":{"start":{"line":222,"column":4},"end":{"line":222,"column":null}},"45":{"start":{"line":229,"column":27},"end":{"line":229,"column":null}},"46":{"start":{"line":231,"column":4},"end":{"line":234,"column":null}},"47":{"start":{"line":233,"column":6},"end":{"line":233,"column":null}},"48":{"start":{"line":236,"column":4},"end":{"line":280,"column":null}},"49":{"start":{"line":240,"column":6},"end":{"line":262,"column":null}},"50":{"start":{"line":243,"column":10},"end":{"line":243,"column":null}},"51":{"start":{"line":244,"column":10},"end":{"line":244,"column":null}},"52":{"start":{"line":245,"column":10},"end":{"line":245,"column":null}},"53":{"start":{"line":246,"column":10},"end":{"line":246,"column":null}},"54":{"start":{"line":250,"column":10},"end":{"line":250,"column":null}},"55":{"start":{"line":251,"column":10},"end":{"line":251,"column":null}},"56":{"start":{"line":252,"column":10},"end":{"line":252,"column":null}},"57":{"start":{"line":256,"column":10},"end":{"line":256,"column":null}},"58":{"start":{"line":257,"column":10},"end":{"line":257,"column":null}},"59":{"start":{"line":258,"column":10},"end":{"line":258,"column":null}},"60":{"start":{"line":261,"column":10},"end":{"line":261,"column":null}},"61":{"start":{"line":265,"column":6},"end":{"line":265,"column":null}},"62":{"start":{"line":266,"column":6},"end":{"line":266,"column":null}},"63":{"start":{"line":267,"column":6},"end":{"line":267,"column":null}},"64":{"start":{"line":269,"column":6},"end":{"line":269,"column":null}},"65":{"start":{"line":271,"column":6},"end":{"line":271,"column":null}},"66":{"start":{"line":273,"column":6},"end":{"line":273,"column":null}},"67":{"start":{"line":274,"column":6},"end":{"line":274,"column":null}},"68":{"start":{"line":275,"column":6},"end":{"line":275,"column":null}},"69":{"start":{"line":277,"column":6},"end":{"line":277,"column":null}},"70":{"start":{"line":279,"column":6},"end":{"line":279,"column":null}},"71":{"start":{"line":287,"column":4},"end":{"line":289,"column":null}},"72":{"start":{"line":288,"column":6},"end":{"line":288,"column":null}},"73":{"start":{"line":296,"column":4},"end":{"line":296,"column":null}},"74":{"start":{"line":303,"column":4},"end":{"line":303,"column":null}},"75":{"start":{"line":313,"column":4},"end":{"line":315,"column":null}},"76":{"start":{"line":314,"column":6},"end":{"line":314,"column":null}},"77":{"start":{"line":317,"column":4},"end":{"line":319,"column":null}},"78":{"start":{"line":318,"column":6},"end":{"line":318,"column":null}},"79":{"start":{"line":321,"column":4},"end":{"line":325,"column":null}},"80":{"start":{"line":327,"column":35},"end":{"line":332,"column":null}},"81":{"start":{"line":335,"column":20},"end":{"line":335,"column":null}},"82":{"start":{"line":337,"column":4},"end":{"line":351,"column":null}},"83":{"start":{"line":338,"column":6},"end":{"line":350,"column":null}},"84":{"start":{"line":339,"column":8},"end":{"line":339,"column":null}},"85":{"start":{"line":340,"column":8},"end":{"line":340,"column":null}},"86":{"start":{"line":341,"column":8},"end":{"line":344,"column":null}},"87":{"start":{"line":346,"column":25},"end":{"line":346,"column":null}},"88":{"start":{"line":347,"column":8},"end":{"line":347,"column":null}},"89":{"start":{"line":348,"column":8},"end":{"line":348,"column":null}},"90":{"start":{"line":354,"column":4},"end":{"line":354,"column":null}},"91":{"start":{"line":355,"column":4},"end":{"line":355,"column":null}},"92":{"start":{"line":356,"column":4},"end":{"line":356,"column":null}},"93":{"start":{"line":359,"column":4},"end":{"line":359,"column":null}},"94":{"start":{"line":361,"column":4},"end":{"line":367,"column":null}},"95":{"start":{"line":369,"column":4},"end":{"line":369,"column":null}},"96":{"start":{"line":379,"column":4},"end":{"line":383,"column":null}},"97":{"start":{"line":387,"column":4},"end":{"line":387,"column":null}},"98":{"start":{"line":387,"column":35},"end":{"line":387,"column":59}},"99":{"start":{"line":394,"column":38},"end":{"line":394,"column":null}},"100":{"start":{"line":397,"column":4},"end":{"line":404,"column":null}},"101":{"start":{"line":398,"column":6},"end":{"line":403,"column":null}},"102":{"start":{"line":407,"column":4},"end":{"line":414,"column":null}},"103":{"start":{"line":408,"column":6},"end":{"line":413,"column":null}},"104":{"start":{"line":417,"column":4},"end":{"line":424,"column":null}},"105":{"start":{"line":418,"column":6},"end":{"line":423,"column":null}},"106":{"start":{"line":426,"column":4},"end":{"line":431,"column":null}},"107":{"start":{"line":438,"column":4},"end":{"line":438,"column":null}},"108":{"start":{"line":438,"column":28},"end":{"line":438,"column":null}},"109":{"start":{"line":439,"column":10},"end":{"line":439,"column":null}},"110":{"start":{"line":440,"column":4},"end":{"line":440,"column":null}},"111":{"start":{"line":447,"column":10},"end":{"line":447,"column":null}},"112":{"start":{"line":448,"column":4},"end":{"line":451,"column":null}},"113":{"start":{"line":449,"column":19},"end":{"line":449,"column":null}},"114":{"start":{"line":450,"column":6},"end":{"line":450,"column":null}},"115":{"start":{"line":458,"column":26},"end":{"line":458,"column":null}},"116":{"start":{"line":460,"column":4},"end":{"line":462,"column":null}},"117":{"start":{"line":461,"column":6},"end":{"line":461,"column":null}},"118":{"start":{"line":464,"column":41},"end":{"line":464,"column":null}},"119":{"start":{"line":465,"column":20},"end":{"line":465,"column":null}},"120":{"start":{"line":467,"column":4},"end":{"line":479,"column":null}},"121":{"start":{"line":468,"column":6},"end":{"line":478,"column":null}},"122":{"start":{"line":469,"column":14},"end":{"line":469,"column":null}},"123":{"start":{"line":470,"column":8},"end":{"line":477,"column":null}},"124":{"start":{"line":471,"column":10},"end":{"line":476,"column":null}},"125":{"start":{"line":472,"column":25},"end":{"line":472,"column":null}},"126":{"start":{"line":473,"column":12},"end":{"line":473,"column":null}},"127":{"start":{"line":481,"column":4},"end":{"line":483,"column":null}},"128":{"start":{"line":482,"column":16},"end":{"line":482,"column":null}},"129":{"start":{"line":490,"column":4},"end":{"line":490,"column":null}},"130":{"start":{"line":491,"column":4},"end":{"line":494,"column":null}},"131":{"start":{"line":492,"column":20},"end":{"line":492,"column":null}},"132":{"start":{"line":493,"column":6},"end":{"line":493,"column":null}},"133":{"start":{"line":493,"column":22},"end":{"line":493,"column":null}},"134":{"start":{"line":501,"column":4},"end":{"line":501,"column":null}},"135":{"start":{"line":508,"column":4},"end":{"line":508,"column":null}},"136":{"start":{"line":514,"column":4},"end":{"line":514,"column":null}},"137":{"start":{"line":515,"column":4},"end":{"line":515,"column":null}},"138":{"start":{"line":517,"column":10},"end":{"line":517,"column":null}},"139":{"start":{"line":518,"column":4},"end":{"line":520,"column":null}},"140":{"start":{"line":519,"column":6},"end":{"line":519,"column":null}},"141":{"start":{"line":522,"column":23},"end":{"line":522,"column":null}},"142":{"start":{"line":523,"column":4},"end":{"line":525,"column":null}},"143":{"start":{"line":524,"column":6},"end":{"line":524,"column":null}},"144":{"start":{"line":527,"column":4},"end":{"line":534,"column":null}},"145":{"start":{"line":531,"column":8},"end":{"line":531,"column":null}},"146":{"start":{"line":532,"column":8},"end":{"line":532,"column":null}},"147":{"start":{"line":537,"column":10},"end":{"line":537,"column":null}},"148":{"start":{"line":538,"column":4},"end":{"line":538,"column":null}},"149":{"start":{"line":539,"column":4},"end":{"line":539,"column":null}},"150":{"start":{"line":541,"column":4},"end":{"line":541,"column":null}},"151":{"start":{"line":542,"column":4},"end":{"line":542,"column":null}},"152":{"start":{"line":546,"column":4},"end":{"line":548,"column":null}},"153":{"start":{"line":547,"column":6},"end":{"line":547,"column":null}},"154":{"start":{"line":550,"column":4},"end":{"line":550,"column":null}},"155":{"start":{"line":551,"column":4},"end":{"line":551,"column":null}},"156":{"start":{"line":553,"column":10},"end":{"line":553,"column":null}},"157":{"start":{"line":554,"column":4},"end":{"line":558,"column":null}},"158":{"start":{"line":555,"column":6},"end":{"line":557,"column":null}},"159":{"start":{"line":560,"column":4},"end":{"line":566,"column":null}},"160":{"start":{"line":563,"column":8},"end":{"line":563,"column":null}},"161":{"start":{"line":564,"column":8},"end":{"line":564,"column":null}},"162":{"start":{"line":569,"column":10},"end":{"line":569,"column":null}},"163":{"start":{"line":570,"column":4},"end":{"line":570,"column":null}},"164":{"start":{"line":572,"column":4},"end":{"line":572,"column":null}},"165":{"start":{"line":573,"column":4},"end":{"line":573,"column":null}},"166":{"start":{"line":577,"column":4},"end":{"line":579,"column":null}},"167":{"start":{"line":578,"column":6},"end":{"line":578,"column":null}},"168":{"start":{"line":581,"column":4},"end":{"line":581,"column":null}},"169":{"start":{"line":582,"column":4},"end":{"line":582,"column":null}},"170":{"start":{"line":585,"column":4},"end":{"line":600,"column":null}},"171":{"start":{"line":586,"column":39},"end":{"line":596,"column":null}},"172":{"start":{"line":598,"column":6},"end":{"line":598,"column":null}},"173":{"start":{"line":599,"column":6},"end":{"line":599,"column":null}},"174":{"start":{"line":602,"column":10},"end":{"line":602,"column":null}},"175":{"start":{"line":603,"column":4},"end":{"line":605,"column":null}},"176":{"start":{"line":604,"column":6},"end":{"line":604,"column":null}},"177":{"start":{"line":607,"column":20},"end":{"line":607,"column":null}},"178":{"start":{"line":608,"column":4},"end":{"line":610,"column":null}},"179":{"start":{"line":609,"column":6},"end":{"line":609,"column":null}},"180":{"start":{"line":612,"column":19},"end":{"line":619,"column":null}},"181":{"start":{"line":616,"column":8},"end":{"line":616,"column":null}},"182":{"start":{"line":617,"column":8},"end":{"line":617,"column":null}},"183":{"start":{"line":622,"column":4},"end":{"line":625,"column":null}},"184":{"start":{"line":623,"column":6},"end":{"line":623,"column":null}},"185":{"start":{"line":624,"column":6},"end":{"line":624,"column":null}},"186":{"start":{"line":627,"column":4},"end":{"line":627,"column":null}},"187":{"start":{"line":628,"column":4},"end":{"line":628,"column":null}},"188":{"start":{"line":630,"column":4},"end":{"line":630,"column":null}},"189":{"start":{"line":636,"column":4},"end":{"line":636,"column":null}},"190":{"start":{"line":640,"column":4},"end":{"line":640,"column":null}},"191":{"start":{"line":644,"column":4},"end":{"line":644,"column":null}},"192":{"start":{"line":645,"column":4},"end":{"line":645,"column":null}},"193":{"start":{"line":649,"column":10},"end":{"line":649,"column":null}},"194":{"start":{"line":650,"column":4},"end":{"line":650,"column":null}},"195":{"start":{"line":654,"column":25},"end":{"line":654,"column":null}},"196":{"start":{"line":655,"column":10},"end":{"line":655,"column":null}},"197":{"start":{"line":657,"column":27},"end":{"line":661,"column":null}},"198":{"start":{"line":663,"column":20},"end":{"line":663,"column":null}},"199":{"start":{"line":664,"column":4},"end":{"line":664,"column":null}},"200":{"start":{"line":666,"column":10},"end":{"line":666,"column":null}},"201":{"start":{"line":668,"column":44},"end":{"line":673,"column":null}},"202":{"start":{"line":675,"column":4},"end":{"line":675,"column":null}},"203":{"start":{"line":676,"column":4},"end":{"line":676,"column":null}},"204":{"start":{"line":678,"column":4},"end":{"line":678,"column":null}},"205":{"start":{"line":682,"column":20},"end":{"line":682,"column":null}},"206":{"start":{"line":685,"column":10},"end":{"line":685,"column":null}},"207":{"start":{"line":686,"column":4},"end":{"line":688,"column":null}},"208":{"start":{"line":687,"column":6},"end":{"line":687,"column":null}},"209":{"start":{"line":690,"column":17},"end":{"line":690,"column":null}},"210":{"start":{"line":691,"column":4},"end":{"line":691,"column":null}},"211":{"start":{"line":696,"column":4},"end":{"line":702,"column":null}},"212":{"start":{"line":697,"column":6},"end":{"line":701,"column":null}},"213":{"start":{"line":698,"column":8},"end":{"line":698,"column":null}}},"fnMap":{"0":{"name":"(anonymous_0)","decl":{"start":{"line":108,"column":2},"end":{"line":108,"column":null}},"loc":{"start":{"line":112,"column":4},"end":{"line":127,"column":null}},"line":112},"1":{"name":"(anonymous_1)","decl":{"start":{"line":134,"column":8},"end":{"line":134,"column":35}},"loc":{"start":{"line":134,"column":35},"end":{"line":163,"column":null}},"line":134},"2":{"name":"(anonymous_2)","decl":{"start":{"line":168,"column":8},"end":{"line":168,"column":44}},"loc":{"start":{"line":168,"column":44},"end":{"line":172,"column":null}},"line":168},"3":{"name":"(anonymous_3)","decl":{"start":{"line":177,"column":8},"end":{"line":177,"column":48}},"loc":{"start":{"line":177,"column":48},"end":{"line":193,"column":null}},"line":177},"4":{"name":"(anonymous_4)","decl":{"start":{"line":198,"column":15},"end":{"line":198,"column":22}},"loc":{"start":{"line":198,"column":93},"end":{"line":223,"column":null}},"line":198},"5":{"name":"(anonymous_5)","decl":{"start":{"line":228,"column":8},"end":{"line":228,"column":40}},"loc":{"start":{"line":228,"column":40},"end":{"line":281,"column":null}},"line":228},"6":{"name":"(anonymous_6)","decl":{"start":{"line":286,"column":8},"end":{"line":286,"column":33}},"loc":{"start":{"line":286,"column":33},"end":{"line":290,"column":null}},"line":286},"7":{"name":"(anonymous_7)","decl":{"start":{"line":295,"column":2},"end":{"line":295,"column":41}},"loc":{"start":{"line":295,"column":41},"end":{"line":297,"column":null}},"line":295},"8":{"name":"(anonymous_8)","decl":{"start":{"line":302,"column":2},"end":{"line":302,"column":25}},"loc":{"start":{"line":302,"column":25},"end":{"line":304,"column":null}},"line":302},"9":{"name":"(anonymous_9)","decl":{"start":{"line":312,"column":8},"end":{"line":312,"column":44}},"loc":{"start":{"line":312,"column":44},"end":{"line":370,"column":null}},"line":312},"10":{"name":"(anonymous_10)","decl":{"start":{"line":376,"column":18},"end":{"line":376,"column":40}},"loc":{"start":{"line":376,"column":79},"end":{"line":388,"column":null}},"line":376},"11":{"name":"(anonymous_11)","decl":{"start":{"line":387,"column":22},"end":{"line":387,"column":23}},"loc":{"start":{"line":387,"column":35},"end":{"line":387,"column":59}},"line":387},"12":{"name":"(anonymous_12)","decl":{"start":{"line":393,"column":10},"end":{"line":393,"column":29}},"loc":{"start":{"line":393,"column":63},"end":{"line":432,"column":null}},"line":393},"13":{"name":"(anonymous_13)","decl":{"start":{"line":437,"column":16},"end":{"line":437,"column":50}},"loc":{"start":{"line":437,"column":50},"end":{"line":441,"column":null}},"line":437},"14":{"name":"(anonymous_14)","decl":{"start":{"line":446,"column":16},"end":{"line":446,"column":50}},"loc":{"start":{"line":446,"column":50},"end":{"line":452,"column":null}},"line":446},"15":{"name":"(anonymous_15)","decl":{"start":{"line":457,"column":15},"end":{"line":457,"column":30}},"loc":{"start":{"line":457,"column":75},"end":{"line":484,"column":null}},"line":457},"16":{"name":"(anonymous_16)","decl":{"start":{"line":482,"column":6},"end":{"line":482,"column":7}},"loc":{"start":{"line":482,"column":16},"end":{"line":482,"column":null}},"line":482},"17":{"name":"(anonymous_17)","decl":{"start":{"line":489,"column":2},"end":{"line":489,"column":5}},"loc":{"start":{"line":489,"column":49},"end":{"line":495,"column":null}},"line":489},"18":{"name":"(anonymous_18)","decl":{"start":{"line":491,"column":11},"end":{"line":491,"column":17}},"loc":{"start":{"line":491,"column":17},"end":{"line":494,"column":null}},"line":491},"19":{"name":"(anonymous_19)","decl":{"start":{"line":500,"column":2},"end":{"line":500,"column":29}},"loc":{"start":{"line":500,"column":29},"end":{"line":502,"column":null}},"line":500},"20":{"name":"(anonymous_20)","decl":{"start":{"line":507,"column":2},"end":{"line":507,"column":38}},"loc":{"start":{"line":507,"column":38},"end":{"line":509,"column":null}},"line":507},"21":{"name":"(anonymous_21)","decl":{"start":{"line":513,"column":16},"end":{"line":513,"column":49}},"loc":{"start":{"line":513,"column":49},"end":{"line":543,"column":null}},"line":513},"22":{"name":"(anonymous_22)","decl":{"start":{"line":530,"column":18},"end":{"line":530,"column":19}},"loc":{"start":{"line":530,"column":41},"end":{"line":533,"column":null}},"line":530},"23":{"name":"(anonymous_23)","decl":{"start":{"line":545,"column":16},"end":{"line":545,"column":51}},"loc":{"start":{"line":545,"column":51},"end":{"line":574,"column":null}},"line":545},"24":{"name":"(anonymous_24)","decl":{"start":{"line":562,"column":18},"end":{"line":562,"column":19}},"loc":{"start":{"line":562,"column":41},"end":{"line":565,"column":null}},"line":562},"25":{"name":"(anonymous_25)","decl":{"start":{"line":576,"column":16},"end":{"line":576,"column":52}},"loc":{"start":{"line":576,"column":52},"end":{"line":631,"column":null}},"line":576},"26":{"name":"(anonymous_26)","decl":{"start":{"line":615,"column":18},"end":{"line":615,"column":19}},"loc":{"start":{"line":615,"column":41},"end":{"line":618,"column":null}},"line":615},"27":{"name":"(anonymous_27)","decl":{"start":{"line":635,"column":10},"end":{"line":635,"column":31}},"loc":{"start":{"line":635,"column":31},"end":{"line":637,"column":null}},"line":635},"28":{"name":"(anonymous_28)","decl":{"start":{"line":639,"column":16},"end":{"line":639,"column":47}},"loc":{"start":{"line":639,"column":47},"end":{"line":641,"column":null}},"line":639},"29":{"name":"(anonymous_29)","decl":{"start":{"line":643,"column":10},"end":{"line":643,"column":19}},"loc":{"start":{"line":643,"column":48},"end":{"line":646,"column":null}},"line":643},"30":{"name":"(anonymous_30)","decl":{"start":{"line":648,"column":16},"end":{"line":648,"column":43}},"loc":{"start":{"line":648,"column":43},"end":{"line":651,"column":null}},"line":648},"31":{"name":"(anonymous_31)","decl":{"start":{"line":653,"column":16},"end":{"line":653,"column":31}},"loc":{"start":{"line":653,"column":69},"end":{"line":679,"column":null}},"line":653},"32":{"name":"(anonymous_32)","decl":{"start":{"line":681,"column":16},"end":{"line":681,"column":31}},"loc":{"start":{"line":681,"column":79},"end":{"line":693,"column":null}},"line":681},"33":{"name":"(anonymous_33)","decl":{"start":{"line":695,"column":10},"end":{"line":695,"column":15}},"loc":{"start":{"line":695,"column":44},"end":{"line":703,"column":null}},"line":695}},"branchMap":{"0":{"loc":{"start":{"line":111,"column":4},"end":{"line":111,"column":null}},"type":"default-arg","locations":[{"start":{"line":111,"column":32},"end":{"line":111,"column":null}}],"line":111},"1":{"loc":{"start":{"line":114,"column":19},"end":{"line":114,"column":null}},"type":"binary-expr","locations":[{"start":{"line":114,"column":19},"end":{"line":114,"column":38}},{"start":{"line":114,"column":27},"end":{"line":114,"column":null}}],"line":114},"2":{"loc":{"start":{"line":156,"column":25},"end":{"line":156,"column":null}},"type":"cond-expr","locations":[{"start":{"line":156,"column":50},"end":{"line":156,"column":66}},{"start":{"line":156,"column":66},"end":{"line":156,"column":null}}],"line":156},"3":{"loc":{"start":{"line":159,"column":40},"end":{"line":159,"column":98}},"type":"cond-expr","locations":[{"start":{"line":159,"column":65},"end":{"line":159,"column":73}},{"start":{"line":159,"column":73},"end":{"line":159,"column":98}}],"line":159},"4":{"loc":{"start":{"line":181,"column":4},"end":{"line":183,"column":null}},"type":"if","locations":[{"start":{"line":181,"column":4},"end":{"line":183,"column":null}},{"start":{},"end":{}}],"line":181},"5":{"loc":{"start":{"line":186,"column":4},"end":{"line":190,"column":null}},"type":"if","locations":[{"start":{"line":186,"column":4},"end":{"line":190,"column":null}},{"start":{},"end":{}}],"line":186},"6":{"loc":{"start":{"line":199,"column":20},"end":{"line":199,"column":null}},"type":"binary-expr","locations":[{"start":{"line":199,"column":20},"end":{"line":199,"column":31}},{"start":{"line":199,"column":20},"end":{"line":199,"column":null}}],"line":199},"7":{"loc":{"start":{"line":202,"column":4},"end":{"line":204,"column":null}},"type":"if","locations":[{"start":{"line":202,"column":4},"end":{"line":204,"column":null}},{"start":{},"end":{}}],"line":202},"8":{"loc":{"start":{"line":214,"column":4},"end":{"line":217,"column":null}},"type":"if","locations":[{"start":{"line":214,"column":4},"end":{"line":217,"column":null}},{"start":{},"end":{}}],"line":214},"9":{"loc":{"start":{"line":214,"column":8},"end":{"line":214,"column":58}},"type":"binary-expr","locations":[{"start":{"line":214,"column":8},"end":{"line":214,"column":28}},{"start":{"line":214,"column":14},"end":{"line":214,"column":58}}],"line":214},"10":{"loc":{"start":{"line":231,"column":4},"end":{"line":234,"column":null}},"type":"if","locations":[{"start":{"line":231,"column":4},"end":{"line":234,"column":null}},{"start":{},"end":{}}],"line":231},"11":{"loc":{"start":{"line":240,"column":6},"end":{"line":262,"column":null}},"type":"switch","locations":[{"start":{"line":241,"column":8},"end":{"line":246,"column":null}},{"start":{"line":248,"column":8},"end":{"line":252,"column":null}},{"start":{"line":254,"column":8},"end":{"line":258,"column":null}},{"start":{"line":260,"column":8},"end":{"line":261,"column":null}}],"line":240},"12":{"loc":{"start":{"line":274,"column":25},"end":{"line":274,"column":null}},"type":"cond-expr","locations":[{"start":{"line":274,"column":50},"end":{"line":274,"column":66}},{"start":{"line":274,"column":66},"end":{"line":274,"column":null}}],"line":274},"13":{"loc":{"start":{"line":277,"column":40},"end":{"line":277,"column":98}},"type":"cond-expr","locations":[{"start":{"line":277,"column":65},"end":{"line":277,"column":73}},{"start":{"line":277,"column":73},"end":{"line":277,"column":98}}],"line":277},"14":{"loc":{"start":{"line":287,"column":4},"end":{"line":289,"column":null}},"type":"if","locations":[{"start":{"line":287,"column":4},"end":{"line":289,"column":null}},{"start":{},"end":{}}],"line":287},"15":{"loc":{"start":{"line":303,"column":11},"end":{"line":303,"column":null}},"type":"binary-expr","locations":[{"start":{"line":303,"column":11},"end":{"line":303,"column":41}},{"start":{"line":303,"column":41},"end":{"line":303,"column":null}}],"line":303},"16":{"loc":{"start":{"line":313,"column":4},"end":{"line":315,"column":null}},"type":"if","locations":[{"start":{"line":313,"column":4},"end":{"line":315,"column":null}},{"start":{},"end":{}}],"line":313},"17":{"loc":{"start":{"line":317,"column":4},"end":{"line":319,"column":null}},"type":"if","locations":[{"start":{"line":317,"column":4},"end":{"line":319,"column":null}},{"start":{},"end":{}}],"line":317},"18":{"loc":{"start":{"line":346,"column":25},"end":{"line":346,"column":null}},"type":"cond-expr","locations":[{"start":{"line":346,"column":50},"end":{"line":346,"column":66}},{"start":{"line":346,"column":66},"end":{"line":346,"column":null}}],"line":346},"19":{"loc":{"start":{"line":362,"column":12},"end":{"line":362,"column":null}},"type":"cond-expr","locations":[{"start":{"line":362,"column":29},"end":{"line":362,"column":42}},{"start":{"line":362,"column":42},"end":{"line":362,"column":null}}],"line":362},"20":{"loc":{"start":{"line":363,"column":15},"end":{"line":365,"column":null}},"type":"cond-expr","locations":[{"start":{"line":364,"column":10},"end":{"line":364,"column":null}},{"start":{"line":365,"column":10},"end":{"line":365,"column":null}}],"line":363},"21":{"loc":{"start":{"line":397,"column":4},"end":{"line":404,"column":null}},"type":"if","locations":[{"start":{"line":397,"column":4},"end":{"line":404,"column":null}},{"start":{},"end":{}}],"line":397},"22":{"loc":{"start":{"line":407,"column":4},"end":{"line":414,"column":null}},"type":"if","locations":[{"start":{"line":407,"column":4},"end":{"line":414,"column":null}},{"start":{},"end":{}}],"line":407},"23":{"loc":{"start":{"line":417,"column":4},"end":{"line":424,"column":null}},"type":"if","locations":[{"start":{"line":417,"column":4},"end":{"line":424,"column":null}},{"start":{},"end":{}}],"line":417},"24":{"loc":{"start":{"line":438,"column":4},"end":{"line":438,"column":null}},"type":"if","locations":[{"start":{"line":438,"column":4},"end":{"line":438,"column":null}},{"start":{},"end":{}}],"line":438},"25":{"loc":{"start":{"line":448,"column":4},"end":{"line":451,"column":null}},"type":"if","locations":[{"start":{"line":448,"column":4},"end":{"line":451,"column":null}},{"start":{},"end":{}}],"line":448},"26":{"loc":{"start":{"line":458,"column":26},"end":{"line":458,"column":null}},"type":"binary-expr","locations":[{"start":{"line":458,"column":26},"end":{"line":458,"column":37}},{"start":{"line":458,"column":26},"end":{"line":458,"column":null}}],"line":458},"27":{"loc":{"start":{"line":460,"column":4},"end":{"line":462,"column":null}},"type":"if","locations":[{"start":{"line":460,"column":4},"end":{"line":462,"column":null}},{"start":{},"end":{}}],"line":460},"28":{"loc":{"start":{"line":468,"column":6},"end":{"line":478,"column":null}},"type":"if","locations":[{"start":{"line":468,"column":6},"end":{"line":478,"column":null}},{"start":{},"end":{}}],"line":468},"29":{"loc":{"start":{"line":468,"column":10},"end":{"line":468,"column":64}},"type":"binary-expr","locations":[{"start":{"line":468,"column":10},"end":{"line":468,"column":33}},{"start":{"line":468,"column":33},"end":{"line":468,"column":64}}],"line":468},"30":{"loc":{"start":{"line":470,"column":8},"end":{"line":477,"column":null}},"type":"if","locations":[{"start":{"line":470,"column":8},"end":{"line":477,"column":null}},{"start":{},"end":{}}],"line":470},"31":{"loc":{"start":{"line":493,"column":6},"end":{"line":493,"column":null}},"type":"if","locations":[{"start":{"line":493,"column":6},"end":{"line":493,"column":null}},{"start":{},"end":{}}],"line":493},"32":{"loc":{"start":{"line":518,"column":4},"end":{"line":520,"column":null}},"type":"if","locations":[{"start":{"line":518,"column":4},"end":{"line":520,"column":null}},{"start":{},"end":{}}],"line":518},"33":{"loc":{"start":{"line":523,"column":4},"end":{"line":525,"column":null}},"type":"if","locations":[{"start":{"line":523,"column":4},"end":{"line":525,"column":null}},{"start":{},"end":{}}],"line":523},"34":{"loc":{"start":{"line":546,"column":4},"end":{"line":548,"column":null}},"type":"if","locations":[{"start":{"line":546,"column":4},"end":{"line":548,"column":null}},{"start":{},"end":{}}],"line":546},"35":{"loc":{"start":{"line":554,"column":4},"end":{"line":558,"column":null}},"type":"if","locations":[{"start":{"line":554,"column":4},"end":{"line":558,"column":null}},{"start":{},"end":{}}],"line":554},"36":{"loc":{"start":{"line":577,"column":4},"end":{"line":579,"column":null}},"type":"if","locations":[{"start":{"line":577,"column":4},"end":{"line":579,"column":null}},{"start":{},"end":{}}],"line":577},"37":{"loc":{"start":{"line":585,"column":4},"end":{"line":600,"column":null}},"type":"if","locations":[{"start":{"line":585,"column":4},"end":{"line":600,"column":null}},{"start":{},"end":{}}],"line":585},"38":{"loc":{"start":{"line":590,"column":20},"end":{"line":590,"column":null}},"type":"binary-expr","locations":[{"start":{"line":590,"column":20},"end":{"line":590,"column":60}},{"start":{"line":590,"column":60},"end":{"line":590,"column":null}}],"line":590},"39":{"loc":{"start":{"line":591,"column":17},"end":{"line":591,"column":null}},"type":"binary-expr","locations":[{"start":{"line":591,"column":17},"end":{"line":591,"column":54}},{"start":{"line":591,"column":54},"end":{"line":591,"column":null}}],"line":591},"40":{"loc":{"start":{"line":592,"column":22},"end":{"line":592,"column":null}},"type":"binary-expr","locations":[{"start":{"line":592,"column":22},"end":{"line":592,"column":64}},{"start":{"line":592,"column":64},"end":{"line":592,"column":null}}],"line":592},"41":{"loc":{"start":{"line":603,"column":4},"end":{"line":605,"column":null}},"type":"if","locations":[{"start":{"line":603,"column":4},"end":{"line":605,"column":null}},{"start":{},"end":{}}],"line":603},"42":{"loc":{"start":{"line":608,"column":4},"end":{"line":610,"column":null}},"type":"if","locations":[{"start":{"line":608,"column":4},"end":{"line":610,"column":null}},{"start":{},"end":{}}],"line":608},"43":{"loc":{"start":{"line":622,"column":4},"end":{"line":625,"column":null}},"type":"if","locations":[{"start":{"line":622,"column":4},"end":{"line":625,"column":null}},{"start":{},"end":{}}],"line":622},"44":{"loc":{"start":{"line":686,"column":4},"end":{"line":688,"column":null}},"type":"if","locations":[{"start":{"line":686,"column":4},"end":{"line":688,"column":null}},{"start":{},"end":{}}],"line":686}},"s":{"0":98,"1":98,"2":98,"3":98,"4":98,"5":98,"6":74,"7":74,"8":74,"9":66,"10":64,"11":56,"12":56,"13":56,"14":56,"15":56,"16":18,"17":18,"18":18,"19":18,"20":18,"21":7,"22":7,"23":7,"24":2,"25":2,"26":2,"27":2,"28":2,"29":0,"30":2,"31":20,"32":20,"33":20,"34":2,"35":18,"36":18,"37":18,"38":18,"39":18,"40":18,"41":14,"42":14,"43":18,"44":18,"45":13,"46":13,"47":2,"48":11,"49":11,"50":7,"51":5,"52":4,"53":3,"54":4,"55":4,"56":4,"57":0,"58":0,"59":0,"60":0,"61":7,"62":7,"63":7,"64":7,"65":7,"66":4,"67":4,"68":4,"69":4,"70":4,"71":1,"72":1,"73":2,"74":5,"75":4,"76":0,"77":4,"78":1,"79":3,"80":3,"81":3,"82":3,"83":9,"84":9,"85":9,"86":9,"87":0,"88":0,"89":0,"90":3,"91":3,"92":3,"93":3,"94":3,"95":4,"96":9,"97":9,"98":9,"99":60,"100":60,"101":60,"102":60,"103":44,"104":60,"105":39,"106":60,"107":63,"108":0,"109":63,"110":63,"111":18,"112":18,"113":1,"114":1,"115":1,"116":1,"117":0,"118":1,"119":1,"120":1,"121":2,"122":2,"123":2,"124":2,"125":2,"126":2,"127":1,"128":1,"129":9,"130":9,"131":1,"132":1,"133":1,"134":40,"135":17,"136":83,"137":83,"138":83,"139":83,"140":0,"141":83,"142":83,"143":2,"144":81,"145":80,"146":80,"147":75,"148":75,"149":75,"150":75,"151":75,"152":71,"153":0,"154":71,"155":71,"156":71,"157":71,"158":0,"159":71,"160":208,"161":208,"162":68,"163":68,"164":68,"165":68,"166":72,"167":0,"168":72,"169":72,"170":72,"171":3,"172":3,"173":3,"174":69,"175":69,"176":0,"177":69,"178":69,"179":1,"180":68,"181":80,"182":80,"183":60,"184":60,"185":60,"186":60,"187":60,"188":60,"189":98,"190":83,"191":226,"192":226,"193":288,"194":288,"195":203,"196":203,"197":203,"198":203,"199":203,"200":203,"201":203,"202":203,"203":203,"204":203,"205":11,"206":11,"207":11,"208":2,"209":9,"210":9,"211":1112,"212":228,"213":228},"f":{"0":98,"1":74,"2":7,"3":2,"4":98,"5":13,"6":1,"7":2,"8":5,"9":4,"10":9,"11":9,"12":60,"13":63,"14":18,"15":98,"16":1,"17":9,"18":1,"19":40,"20":17,"21":83,"22":80,"23":71,"24":208,"25":72,"26":80,"27":98,"28":83,"29":226,"30":288,"31":203,"32":11,"33":1112},"b":{"0":[98],"1":[98,1],"2":[18,0],"3":[18,0],"4":[2,0],"5":[0,2],"6":[20,0],"7":[2,18],"8":[14,4],"9":[18,15],"10":[2,11],"11":[11,4,0,0],"12":[4,0],"13":[4,0],"14":[1,0],"15":[5,3],"16":[0,4],"17":[1,3],"18":[0,0],"19":[3,0],"20":[3,0],"21":[60,0],"22":[44,16],"23":[39,21],"24":[0,63],"25":[1,17],"26":[1,0],"27":[0,1],"28":[2,0],"29":[2,2],"30":[2,0],"31":[1,0],"32":[0,83],"33":[2,81],"34":[0,71],"35":[0,71],"36":[0,72],"37":[3,69],"38":[3,0],"39":[3,0],"40":[3,3],"41":[0,69],"42":[1,68],"43":[60,0],"44":[2,9]},"meta":{"lastBranch":45,"lastFunction":34,"lastStatement":214,"seen":{"s:103:43:103:Infinity":0,"s:104:51:104:Infinity":1,"s:106:46:106:Infinity":2,"f:108:2:108:Infinity":0,"b:111:32:111:Infinity":0,"s:113:15:113:Infinity":3,"s:114:4:114:Infinity":4,"b:114:19:114:38:114:27:114:Infinity":1,"s:116:4:126:Infinity":5,"f:134:8:134:35":1,"s:135:4:135:Infinity":6,"s:137:4:162:Infinity":7,"s:139:6:139:Infinity":8,"s:142:6:142:Infinity":9,"s:145:21:145:Infinity":10,"s:147:6:14
[...]
ry-expr","locations":[{"start":{"line":470,"column":17},"end":{"line":470,"column":35}},{"start":{"line":470,"column":35},"end":{"line":470,"column":null}}],"line":470},"39":{"loc":{"start":{"line":475,"column":2},"end":{"line":481,"column":null}},"type":"if","locations":[{"start":{"line":475,"column":2},"end":{"line":481,"column":null}},{"start":{},"end":{}}],"line":475},"40":{"loc":{"start":{"line":475,"column":6},"end":{"line":475,"column":37}},"type":"binary-expr","locations":[{"start":{"line":475,"column":6},"end":{"line":475,"column":27}},{"start":{"line":475,"column":27},"end":{"line":475,"column":37}}],"line":475},"41":{"loc":{"start":{"line":477,"column":4},"end":{"line":480,"column":null}},"type":"if","locations":[{"start":{"line":477,"column":4},"end":{"line":480,"column":null}},{"start":{},"end":{}}],"line":477},"42":{"loc":{"start":{"line":479,"column":17},"end":{"line":479,"column":null}},"type":"cond-expr","locations":[{"start":{"line":479,"column":47},"end":{"line":479,"column":79}},{"start":{"line":479,"column":79},"end":{"line":479,"column":null}}],"line":479},"43":{"loc":{"start":{"line":503,"column":21},"end":{"line":503,"column":null}},"type":"binary-expr","locations":[{"start":{"line":503,"column":21},"end":{"line":503,"column":40}},{"start":{"line":503,"column":40},"end":{"line":503,"column":null}}],"line":503},"44":{"loc":{"start":{"line":504,"column":4},"end":{"line":506,"column":null}},"type":"if","locations":[{"start":{"line":504,"column":4},"end":{"line":506,"column":null}},{"start":{},"end":{}}],"line":504},"45":{"loc":{"start":{"line":538,"column":4},"end":{"line":541,"column":null}},"type":"if","locations":[{"start":{"line":538,"column":4},"end":{"line":541,"column":null}},{"start":{},"end":{}}],"line":538},"46":{"loc":{"start":{"line":545,"column":4},"end":{"line":550,"column":null}},"type":"if","locations":[{"start":{"line":545,"column":4},"end":{"line":550,"column":null}},{"start":{},"end":{}}],"line":545},"47":{"loc":{"start":{"line":572,"column":4},"end":{"line":578,"column":null}},"type":"if","locations":[{"start":{"line":572,"column":4},"end":{"line":578,"column":null}},{"start":{},"end":{}}],"line":572},"48":{"loc":{"start":{"line":572,"column":8},"end":{"line":572,"column":59}},"type":"binary-expr","locations":[{"start":{"line":572,"column":8},"end":{"line":572,"column":29}},{"start":{"line":572,"column":29},"end":{"line":572,"column":59}}],"line":572},"49":{"loc":{"start":{"line":574,"column":8},"end":{"line":576,"column":null}},"type":"if","locations":[{"start":{"line":574,"column":8},"end":{"line":576,"column":null}},{"start":{},"end":{}}],"line":574},"50":{"loc":{"start":{"line":581,"column":2},"end":{"line":593,"column":null}},"type":"if","locations":[{"start":{"line":581,"column":2},"end":{"line":593,"column":null}},{"start":{"line":587,"column":9},"end":{"line":593,"column":null}}],"line":581},"51":{"loc":{"start":{"line":591,"column":50},"end":{"line":591,"column":83}},"type":"cond-expr","locations":[{"start":{"line":591,"column":75},"end":{"line":591,"column":80}},{"start":{"line":591,"column":80},"end":{"line":591,"column":83}}],"line":591},"52":{"loc":{"start":{"line":615,"column":4},"end":{"line":617,"column":null}},"type":"cond-expr","locations":[{"start":{"line":616,"column":8},"end":{"line":616,"column":null}},{"start":{"line":617,"column":8},"end":{"line":617,"column":null}}],"line":615},"53":{"loc":{"start":{"line":622,"column":17},"end":{"line":622,"column":null}},"type":"binary-expr","locations":[{"start":{"line":622,"column":17},"end":{"line":622,"column":36}},{"start":{"line":622,"column":36},"end":{"line":622,"column":null}}],"line":622},"54":{"loc":{"start":{"line":643,"column":2},"end":{"line":658,"column":null}},"type":"if","locations":[{"start":{"line":643,"column":2},"end":{"line":658,"column":null}},{"start":{},"end":{}}],"line":643},"55":{"loc":{"start":{"line":647,"column":4},"end":{"line":657,"column":null}},"type":"if","locations":[{"start":{"line":647,"column":4},"end":{"line":657,"column":null}},{"start":{},"end":{}}],"line":647},"56":{"loc":{"start":{"line":648,"column":6},"end":{"line":656,"column":null}},"type":"if","locations":[{"start":{"line":648,"column":6},"end":{"line":656,"column":null}},{"start":{"line":652,"column":6},"end":{"line":656,"column":null}}],"line":648},"57":{"loc":{"start":{"line":650,"column":89},"end":{"line":650,"column":156}},"type":"cond-expr","locations":[{"start":{"line":650,"column":130},"end":{"line":650,"column":145}},{"start":{"line":650,"column":145},"end":{"line":650,"column":156}}],"line":650},"58":{"loc":{"start":{"line":652,"column":6},"end":{"line":656,"column":null}},"type":"if","locations":[{"start":{"line":652,"column":6},"end":{"line":656,"column":null}},{"start":{},"end":{}}],"line":652},"59":{"loc":{"start":{"line":652,"column":17},"end":{"line":652,"column":49}},"type":"binary-expr","locations":[{"start":{"line":652,"column":17},"end":{"line":652,"column":31}},{"start":{"line":652,"column":31},"end":{"line":652,"column":49}}],"line":652},"60":{"loc":{"start":{"line":661,"column":2},"end":{"line":671,"column":null}},"type":"if","locations":[{"start":{"line":661,"column":2},"end":{"line":671,"column":null}},{"start":{},"end":{}}],"line":661},"61":{"loc":{"start":{"line":661,"column":6},"end":{"line":661,"column":70}},"type":"binary-expr","locations":[{"start":{"line":661,"column":6},"end":{"line":661,"column":34}},{"start":{"line":661,"column":34},"end":{"line":661,"column":70}}],"line":661},"62":{"loc":{"start":{"line":662,"column":4},"end":{"line":670,"column":null}},"type":"if","locations":[{"start":{"line":662,"column":4},"end":{"line":670,"column":null}},{"start":{"line":666,"column":4},"end":{"line":670,"column":null}}],"line":662},"63":{"loc":{"start":{"line":666,"column":4},"end":{"line":670,"column":null}},"type":"if","locations":[{"start":{"line":666,"column":4},"end":{"line":670,"column":null}},{"start":{},"end":{}}],"line":666},"64":{"loc":{"start":{"line":666,"column":15},"end":{"line":666,"column":98}},"type":"binary-expr","locations":[{"start":{"line":666,"column":15},"end":{"line":666,"column":41}},{"start":{"line":666,"column":41},"end":{"line":666,"column":98}}],"line":666},"65":{"loc":{"start":{"line":674,"column":2},"end":{"line":686,"column":null}},"type":"if","locations":[{"start":{"line":674,"column":2},"end":{"line":686,"column":null}},{"start":{},"end":{}}],"line":674},"66":{"loc":{"start":{"line":674,"column":6},"end":{"line":674,"column":64}},"type":"binary-expr","locations":[{"start":{"line":674,"column":6},"end":{"line":674,"column":31}},{"start":{"line":674,"column":31},"end":{"line":674,"column":64}}],"line":674},"67":{"loc":{"start":{"line":675,"column":4},"end":{"line":685,"column":null}},"type":"if","locations":[{"start":{"line":675,"column":4},"end":{"line":685,"column":null}},{"start":{"line":677,"column":11},"end":{"line":685,"column":null}}],"line":675},"68":{"loc":{"start":{"line":679,"column":8},"end":{"line":683,"column":null}},"type":"if","locations":[{"start":{"line":679,"column":8},"end":{"line":683,"column":null}},{"start":{},"end":{}}],"line":679},"69":{"loc":{"start":{"line":679,"column":12},"end":{"line":679,"column":78}},"type":"binary-expr","locations":[{"start":{"line":679,"column":12},"end":{"line":679,"column":40}},{"start":{"line":679,"column":40},"end":{"line":679,"column":78}}],"line":679},"70":{"loc":{"start":{"line":689,"column":2},"end":{"line":695,"column":null}},"type":"if","locations":[{"start":{"line":689,"column":2},"end":{"line":695,"column":null}},{"start":{},"end":{}}],"line":689},"71":{"loc":{"start":{"line":689,"column":6},"end":{"line":689,"column":74}},"type":"binary-expr","locations":[{"start":{"line":689,"column":6},"end":{"line":689,"column":36}},{"start":{"line":689,"column":36},"end":{"line":689,"column":74}}],"line":689},"72":{"loc":{"start":{"line":690,"column":4},"end":{"line":694,"column":null}},"type":"if","locations":[{"start":{"line":690,"column":4},"end":{"line":694,"column":null}},{"start":{},"end":{}}],"line":690},"73":{"loc":{"start":{"line":690,"column":8},"end":{"line":690,"column":62}},"type":"binary-expr","locations":[{"start":{"line":690,"column":8},"end":{"line":690,"column":37}},{"start":{"line":690,"column":37},"end":{"line":690,"column":62}}],"line":690}},"s":{"0":50,"1":50,"2":31,"3":18,"4":0,"5":0,"6":1,"7":19,"8":1,"9":18,"10":18,"11":1,"12":17,"13":17,"14":3,"15":14,"16":14,"17":0,"18":14,"19":14,"20":18,"21":18,"22":18,"23":17,"24":17,"25":17,"26":14,"27":14,"28":14,"29":14,"30":2534,"31":2534,"32":40,"33":40,"34":40,"35":0,"36":0,"37":2494,"38":2494,"39":14,"40":14,"41":0,"42":14,"43":14,"44":14,"45":2,"46":12,"47":12,"48":2,"49":10,"50":7,"51":1,"52":6,"53":6,"54":6,"55":6,"56":8,"57":7,"58":2,"59":7,"60":5,"61":5,"62":4,"63":4,"64":10,"65":10,"66":4,"67":1,"68":1,"69":5,"70":2,"71":2,"72":2,"73":0,"74":0,"75":0,"76":0,"77":0,"78":2,"79":3,"80":2,"81":1,"82":6,"83":6,"84":6,"85":14,"86":14,"87":12,"88":14,"89":12,"90":14,"91":16,"92":16,"93":16,"94":16,"95":16,"96":5,"97":5,"98":16,"99":16,"100":0,"101":0,"102":0,"103":16,"104":4,"105":4,"106":4,"107":16,"108":16,"109":4,"110":4,"111":4,"112":4,"113":16,"114":19,"115":19,"116":19,"117":1616,"118":1616,"119":30,"120":1616,"121":19,"122":11,"123":19,"124":30,"125":30,"126":1616,"127":30,"128":19,"129":2,"130":2,"131":2,"132":2,"133":12,"134":12,"135":3,"136":3,"137":9,"138":9,"139":6,"140":2,"141":17,"142":17,"143":17,"144":3019,"145":517,"146":1357,"147":1356,"148":17,"149":16,"150":16,"151":86,"152":1,"153":17,"154":16,"155":16,"156":47,"157":47,"158":47,"159":47,"160":47,"161":34,"162":34,"163":34,"164":34,"165":11,"166":23,"167":0,"168":47,"169":31,"170":18,"171":13,"172":1,"173":47,"174":30,"175":0,"176":30,"177":135,"178":5,"179":47,"180":27,"181":0,"182":47},"f":{"0":50,"1":19,"2":18,"3":17,"4":14,"5":14,"6":7,"7":14,"8":16,"9":19,"10":11,"11":2,"12":17,"13":16,"14":47},"b":{"0":[31,18,0,0,1],"1":[31,0],"2":[18,0],"3":[0,0],"4":[0,0],"5":[1,18],"6":[1,17],"7":[3,14],"8":[0,14],"9":[40,2494],"10":[40,0],"11":[0,0],"12":[0,14],"13":[2,12],"14":[2,10],"15":[1,6],"16":[7,1],"17":[2,5],"18":[5,2],"19":[5,4],"20":[4,1],"21":[2,3],"22":[2,0],"23":[0,2],"24":[2,1],"25":[0,1],"26":[6,0],"27":[12,2],"28":[12,2],"29":[16],"30":[16,6],"31":[16,5],"32":[5,11],"33":[16,6],"34":[0,16],"35":[0,0],"36":[4,12],"37":[0,4],"38":[4,1],"39":[4,12],"40":[16,16],"41":[4,0],"42":[4,0],"43":[1616,108],"44":[30,1586],"45":[3,9],"46":[6,3],"47":[517,2502],"48":[3019,518],"49":[1356,1],"50":[16,1],"51":[0,1],"52":[13,3],"53":[16,3],"54":[34,13],"55":[34,0],"56":[11,23],"57":[6,5],"58":[0,23],"59":[23,23],"60":[31,16],"61":[47,31],"62":[18,13],"63":[1,12],"64":[13,13],"65":[30,17],"66":[47,30],"67":[0,30],"68":[5,130],"69":[135,135],"70":[27,20],"71":[47,27],"72":[0,27],"73":[27,13]},"meta":{"lastBranch":74,"lastFunction":15,"lastStatement":183,"seen":{"f:123:16:123:32":0,"s:124:8:124:Infinity":0,"b:127:4:141:Infinity:143:4:161:Infinity:163:4:181:Infinity:183:4:201:Infinity:203:4:204:Infinity":0,"s:126:2:205:Infinity":1,"s:128:6:141:Infinity":2,"b:137:16:137:38:137:38:137:Infinity":1,"s:144:6:161:Infinity":3,"b:157:16:157:38:157:38:157:Infinity":2,"s:164:6:181:Infinity":4,"b:177:16:177:38:177:38:177:Infinity":3,"s:184:6:201:Infinity":5,"b:197:16:197:38:197:38:197:Infinity":4,"s:204:6:204:Infinity":6,"f:214:16:214:36":1,"b:215:2:217:Infinity:undefined:undefined:undefined:undefined":5,"s:215:2:217:Infinity":7,"s:216:4:216:Infinity":8,"s:220:26:220:Infinity":9,"b:221:2:227:Infinity:undefined:undefined:undefined:undefined":6,"s:221:2:227:Infinity":10,"s:222:4:226:Infinity":11,"s:230:23:230:Infinity":12,"b:231:2:237:Infinity:undefined:undefined:undefined:undefined":7,"s:231:2:237:Infinity":13,"s:232:4:236:Infinity":14,"s:240:25:240:Infinity":15,"b:241:2:247:Infinity:undefined:undefined:undefined:undefined":8,"s:241:2:247:Infinity":16,"s:242:4:246:Infinity":17,"s:250:20:250:Infinity":18,"s:251:2:256:Infinity":19,"f:262:9:262:24":2,"s:264:15:264:Infinity":20,"s:267:2:267:Infinity":21,"s:270:2:270:Infinity":22,"f:276:9:276:31":3,"s:278:15:278:Infinity":23,"s:281:2:281:Infinity":24,"s:283:2:283:Infinity":25,"f:289:9:289:23":4,"s:290:16:290:Infinity":26,"s:291:27:291:Infinity":27,"s:292:29:292:Infinity":28,"s:294:2:309:Infinity":29,"s:295:23:295:Infinity":30,"b:297:4:308:Infinity:305:11:308:Infinity":9,"s:297:4:308:Infinity":31,"s:298:6:298:Infinity":32,"b:300:6:304:Infinity:302:6:304:Infinity":10,"s:300:6:304:Infinity":33,"s:301:8:301:Infinity":34,"b:302:6:304:Infinity:undefined:undefined:undefined:undefined":11,"s:302:6:304:Infinity":35,"s:303:8:303:Infinity":36,"s:306:6:306:Infinity":37,"s:307:6:307:Infinity":38,"s:311:2:311:Infinity":39,"f:317:9:317:28":5,"b:318:2:318:Infinity:undefined:undefined:undefined:undefined":12,"s:318:2:318:Infinity":40,"s:318:31:318:Infinity":41,"s:321:20:321:Infinity":42,"s:322:23:322:Infinity":43,"b:324:2:326:Infinity:undefined:undefined:undefined:undefined":13,"s:324:2:326:Infinity":44,"s:325:4:325:Infinity":45,"s:329:20:329:Infinity":46,"b:330:2:332:Infinity:undefined:undefined:undefined:undefined":14,"s:330:2:332:Infinity":47,"s:331:4:331:Infinity":48,"s:334:2:334:Infinity":49,"f:342:16:342:29":6,"b:343:2:345:Infinity:undefined:undefined:undefined:undefined":15,"s:343:2:345:Infinity":50,"s:344:4:344:Infinity":51,"s:347:27:347:Infinity":52,"s:348:21:348:Infinity":53,"s:350:21:350:Infinity":54,"s:352:2:400:Infinity":55,"b:354:4:399:Infinity:397:11:399:Infinity":16,"s:354:4:399:Infinity":56,"b:356:6:358:Infinity:undefined:undefined:undefined:undefined":17,"s:356:6:358:Infinity":57,"s:357:8:357:Infinity":58,"b:361:6:396:Infinity:394:13:396:Infinity":18,"s:361:6:396:Infinity":59,"s:362:26:362:Infinity":60,"b:362:26:362:58:362:58:362:Infinity":19,"b:365:8:393:Infinity:373:15:393:Infinity":20,"s:365:8:393:Infinity":61,"s:367:26:367:Infinity":62,"s:368:10:371:Infinity":63,"s:369:12:369:Infinity":64,"s:370:12:370:Infinity":65,"s:372:10:372:Infinity":66,"s:374:10:374:Infinity":67,"s:375:10:392:Infinity":68,"b:376:12:391:Infinity:389:19:391:Infinity":21,"s:376:12:391:Infinity":69,"b:377:14:377:Infinity:undefined:undefined:undefined:undefined":22,"s:377:14:377:Infinity":70,"s:377:32:377:Infinity":71,"b:379:14:388:Infinity:386:21:388:Infinity":23,"s:379:14:388:Infinity":72,"s:380:32:380:Infinity":73,"s:381:16:384:Infinity":74,"s:382:18:382:Infinity":75,"s:383:18:383:Infinity":76,"s:385:16:385:Infinity":77,"s:387:16:387:Infinity":78,"s:390:14:390:Infinity":79,"b:390:46:390:52:390:52:390:58":24,"s:395:8:395:Infinity":80,"s:398:6:398:Infinity":81,"b:398:38:398:47:398:47:398:53":25,"b:402:2:404:Infinity:undefined:undefined:undefined:undefined":26,"s:402:2:404:Infinity":82,"s:403:4:403:Infinity":83,"s:406:2:406:Infinity":84,"f:415:16:415:Infinity":7,"s:419:29:419:Infinity":85,"b:421:2:423:Infinity:undefined:undefined:undefined:undefined":27,"s:421:2:423:Infinity":86,"s:422:4:422:Infinity":87,"b:425:2:427:Infinity:undefined:undefined:undefined:undefined":28,"s:425:2:427:Infinity":88,"s:426:4:426:Infinity":89,"s:429:2:429:Infinity":90,"f:436:16:436:Infinity":8,"b:438:18:438:Infinity":29,"s:441:27:443:Infinity":91,"s:444:24:446:Infinity":92,"s:448:18:448:Infinity":93,"b:448:18:448:51:448:51:448:Infinity":30,"s:449:19:449:Infinity":94,"b:449:19:449:49:449:49:449:Infinity":31,"b:452:2:455:Infinity:undefined:undefined:undefined:undefined":32,"s:452:2:455:Infinity":95,"b:452:6:452:27:452:27:452:43":33,"s:453:4:453:Infinity":96,"s:454:4:454:Infinity":97,"s:458:20:458:Infinity":98,"b:461:2:465:Infinity:undefined:undefined:undefined:undefined":34,"s:461:2:465:Infinity":99,"s:462:19:462:Infinity":100,"s:463:4:463:Infinity":101,"s:464:4:464:Infinity":102,"b:464:16:464:34:464:34:464:Infinity":35,"b:467:2:471:Infinity:undefined:undefined:undefined:undefined":36,"s:467:2:471:Infinity":103,"s:468:19:468:Infinity":104,"s:469:4:469:Infinity":105,"b:469:27:469:47:469:47:469:53":37,"s:470:4:470:Infinity":106,"b:470:17:470:35:470:35:470:Infinity":38,"s:474:20:474:Infinity":107,"b:475:2:481:Infinity:undefined:undefined:undefined:undefined":39,"s:475:2:481:Infinity":108,"b:475:6:475:27:475:27:475:37":40,"s:476:22:476:Infinity":109,"b:477:4:480:Infinity:undefined:undefined:undefined:undefined":41,"s:477:4:480:Infinity":110,"s:478:6:478:Infinity":111,"s:479:6:479:Infinity":112,"b:479:47:479:79:479:79:479:Infinity":42,"s:483:2:483:Infinity":113,"f:489:16:489:Infinity":9,"s:492:26:498:Infinity":114,"s:501:21:501:Infinity":115,"s:502:2:508:Infinity":116,"s:503:21:503:Infinity":117,"b:503:21:503:40:503:40:503:Infinity":43,"b:504:4:506:Infinity:undefined:undefined:undefined:undefined":44,"s:504:4:506:Infinity":118,"s:505:6:505:Infinity":119,"s:507:4:507:Infinity":120,"s:511:27:511:Infinity":121,"f:511:58:511:59":10,"s:511:68:511:93":122,"s:513:2:519:Infinity":123,"s:514:4:514:Infinity":124,"s:515:4:517:Infinity":125,"s:516:6:516:Infinity":126,"s:518:4:518:Infinity":127,"s:521:2:521:Infinity":128,"f:527:16:527:Infinity":11,"s:530:65:530:Infinity":129,"s:531:16:531:Infinity":130,"s:533:24:533:Infinity":131,"s:535:2:551:Infinity":132,"s:537:24:537:Infinity":133,"b:538:4:541:Infinity:undefined:undefined:undefined:undefined":45,"s:538:4:541:Infinity":134,"s:539:6:539:Infinity":135,"s:540:6:540:Infinity":136,"s:544:24:544:Infinity":137,"b:545:4:550:Infinity:undefined:undefined:undefined:undefined":46,"s:545:4:550:Infinity":138,"s:546:6:549:Infinity":139,"s:553:2:553:Infinity":140,"f:559:16:559:Infinity":12,"s:562:26:567:Infinity":141,"s:569:33:569:Infinity":142,"s:571:2:579:Infinity":143,"b:572:4:578:Infinity:undefined:undefined:undefined:undefined":47,"s:572:4:578:Infinity":144,"b:572:8:572:29:572:29:572:59":48,"s:573:6:577:Infinity":145,"b:574:8:576:Infinity:undefined:undefined:undefined:undefined":49,"s:574:8:576:Infinity":146,"s:575:10:575:Infinity":147,"b:581:2:593:Infinity:587:9:593:Infinity":50,"s:581:2:593:Infinity":148,"s:582:4:582:Infinity":149,"s:583:4:586:Infinity":150,"s:585:6:585:Infinity":151,"s:588:4:592:Infinity":152,"b:591:75:591:80:591:80:591:83":51,"s:595:2:595:Infinity":153,"f:601:16:601:32":13,"s:613:23:618:Infinity":154,"b:616:8:616:Infinity:617:8:617:Infinity":52,"s:620:2:625:Infinity":155,"b:622:17:622:36:622:36:622:Infinity":53,"f:633:16:633:Infinity":14,"s:637:27:637:Infinity":156,"s:638:29:638:Infinity":157,"s:639:17:639:Infinity":158,"s:640:8:640:Infinity":159,"b:643:2:658:Infinity:undefined:undefined:undefined:undefined":54,"s:643:2:658:Infinity":160,"s:644:16:644:Infinity":161,"s:645:18:645:Infinity":162,"b:647:4:657:Infinity:undefined:undefined:undefined:undefined":55,"s:647:4:657:Infinity":163,"b:648:6:656:Infinity:652:6:656:Infinity":56,"s:648:6:656:Infinity":164,"s:649:8:651:Infinity":165,"b:650:130:650:145:650:145:650:156":57,"b:652:6:656:Infinity:undefined:undefined:undefined:undefined":58,"s:652:6:656:Infinity":166,"b:652:17:652:31:652:31:652:49":59,"s:653:8:655:Infinity":167,"b:661:2:671:Infinity:undefined:undefined:undefined:undefined":60,"s:661:2:671:Infinity":168,"b:661:6:661:34:661:34:661:70":61,"b:662:4:670:Infinity:666:4:670:Infinity":62,"s:662:4:670:Infinity":169,"s:663:6:665:Infinity":170,"b:666:4:670:Infinity:undefined:undefined:undefined:undefined":63,"s:666:4:670:Infinity":171,"b:666:15:666:41:666:41:666:98":64,"s:667:6:669:Infinity":172,"b:674:2:686:Infinity:undefined:undefined:undefined:undefined":65,"s:674:2:686:Infinity":173,"b:674:6:674:31:674:31:674:64":66,"b:675:4:685:Infinity:677:11:685:Infinity":67,"s:675:4:685:Infinity":174,"s:676:6:676:Infinity":175,"s:678:6:684:Infinity":176,"b:679:8:683:Infinity:undefined:undefined:undefined:undefined":68,"s:679:8:683:Infinity":177,"b:679:12:679:40:679:40:679:78":69,"s:680:10:682:Infinity":178,"b:689:2:695:Infinity:undefined:undefined:undefined:undefined":70,"s:689:2:695:Infinity":179,"b:689:6:689:36:689:36:689:74":71,"b:690:4:694:Infinity:undefined:undefined:undefined:undefined":72,"s:690:4:694:Infinity":180,"b:690:8:690:37:690:37:690:62":73,"s:691:6:693:Infinity":181,"s:697:2:701:Infinity":182}}}
}
